[ 2015-02-18T11:27:36+08:00 ] 0.0.0.0 /bbs/
INFO: [ app_begin ] --START--
INFO: ReadHtmlCache Behavior ::run [ RunTime:0.001289s ]
INFO: [ app_begin ] --END-- [ RunTime:0.001480s ]
NOTIC: [8] A session had already been started - ignoring session_start() C:\wamp\www\bbs\ThinkPHP\Common\functions.php 第 566 行.
NOTIC: [2048] Declaration of IndexAction::show() should be compatible with that of Action::show() C:\wamp\www\bbs\APP\Lib\Action\Home\IndexAction.class.php 第 78 行.
SQL: SHOW COLUMNS FROM `project_login` [ RunTime:0.003250s ]
SQL: SELECT * FROM `project_login`  [ RunTime:0.000260s ]
INFO: [ view_parse ] --START--
NOTIC: [8] Undefined index: sex C:\wamp\www\bbs\APP\Runtime\Cache\Home\36547c3cca62684d03e43575b05925a2.php 第 199 行.
NOTIC: [8] Undefined index: sex C:\wamp\www\bbs\APP\Runtime\Cache\Home\36547c3cca62684d03e43575b05925a2.php 第 199 行.
NOTIC: [8] Undefined index: sex C:\wamp\www\bbs\APP\Runtime\Cache\Home\36547c3cca62684d03e43575b05925a2.php 第 199 行.
NOTIC: [8] Undefined index: sex C:\wamp\www\bbs\APP\Runtime\Cache\Home\36547c3cca62684d03e43575b05925a2.php 第 199 行.
NOTIC: [8] Undefined index: sex C:\wamp\www\bbs\APP\Runtime\Cache\Home\36547c3cca62684d03e43575b05925a2.php 第 199 行.
NOTIC: [8] Undefined index: sex C:\wamp\www\bbs\APP\Runtime\Cache\Home\36547c3cca62684d03e43575b05925a2.php 第 199 行.
NOTIC: [8] Undefined index: sex C:\wamp\www\bbs\APP\Runtime\Cache\Home\36547c3cca62684d03e43575b05925a2.php 第 199 行.
NOTIC: [8] Undefined index: sex C:\wamp\www\bbs\APP\Runtime\Cache\Home\36547c3cca62684d03e43575b05925a2.php 第 199 行.
NOTIC: [8] Undefined index: sex C:\wamp\www\bbs\APP\Runtime\Cache\Home\36547c3cca62684d03e43575b05925a2.php 第 199 行.
INFO: ParseTemplate Behavior ::run [ RunTime:0.013115s ]
INFO: [ view_parse ] --END-- [ RunTime:0.013272s ]
INFO: [ view_filter ] --START--
INFO: ContentReplace Behavior ::run [ RunTime:0.002448s ]
INFO: TokenBuild Behavior ::run [ RunTime:0.001533s ]
INFO: WriteHtmlCache Behavior ::run [ RunTime:0.000852s ]
INFO: ShowRuntime Behavior ::run [ RunTime:0.000906s ]
INFO: [ view_filter ] --END-- [ RunTime:0.006287s ]
INFO: [ view_end ] --START--
INFO: ShowPageTrace Behavior ::run [ RunTime:0.000895s ]
INFO: [ view_end ] --END-- [ RunTime:0.001036s ]

