[ 2015-01-15T19:01:10+08:00 ] 0.0.0.0 /bbs/
INFO: [ app_begin ] --START--
INFO: ReadHtmlCache Behavior ::run [ RunTime:0.002255s ]
INFO: [ app_begin ] --END-- [ RunTime:0.002818s ]
NOTIC: [8] A session had already been started - ignoring session_start() C:\wamp\www\bbs\ThinkPHP\Common\functions.php 第 566 行.
NOTIC: [2048] Declaration of IndexAction::show() should be compatible with that of Action::show() C:\wamp\www\bbs\APP\Lib\Action\Home\IndexAction.class.php 第 78 行.
SQL: SHOW COLUMNS FROM `project_login` [ RunTime:0.004776s ]
SQL: SELECT * FROM `project_login`  [ RunTime:0.000296s ]
INFO: [ view_parse ] --START--
NOTIC: [8] Undefined index: sex C:\wamp\www\bbs\APP\Runtime\Cache\Home\36547c3cca62684d03e43575b05925a2.php 第 199 行.
NOTIC: [8] Undefined index: sex C:\wamp\www\bbs\APP\Runtime\Cache\Home\36547c3cca62684d03e43575b05925a2.php 第 199 行.
NOTIC: [8] Undefined index: sex C:\wamp\www\bbs\APP\Runtime\Cache\Home\36547c3cca62684d03e43575b05925a2.php 第 199 行.
NOTIC: [8] Undefined index: sex C:\wamp\www\bbs\APP\Runtime\Cache\Home\36547c3cca62684d03e43575b05925a2.php 第 199 行.
NOTIC: [8] Undefined index: sex C:\wamp\www\bbs\APP\Runtime\Cache\Home\36547c3cca62684d03e43575b05925a2.php 第 199 行.
NOTIC: [8] Undefined index: sex C:\wamp\www\bbs\APP\Runtime\Cache\Home\36547c3cca62684d03e43575b05925a2.php 第 199 行.
NOTIC: [8] Undefined index: sex C:\wamp\www\bbs\APP\Runtime\Cache\Home\36547c3cca62684d03e43575b05925a2.php 第 199 行.
NOTIC: [8] Undefined index: sex C:\wamp\www\bbs\APP\Runtime\Cache\Home\36547c3cca62684d03e43575b05925a2.php 第 199 行.
NOTIC: [8] Undefined index: sex C:\wamp\www\bbs\APP\Runtime\Cache\Home\36547c3cca62684d03e43575b05925a2.php 第 199 行.
INFO: ParseTemplate Behavior ::run [ RunTime:0.014849s ]
INFO: [ view_parse ] --END-- [ RunTime:0.014953s ]
INFO: [ view_filter ] --START--
INFO: ContentReplace Behavior ::run [ RunTime:0.000892s ]
INFO: TokenBuild Behavior ::run [ RunTime:0.001049s ]
INFO: WriteHtmlCache Behavior ::run [ RunTime:0.000630s ]
INFO: ShowRuntime Behavior ::run [ RunTime:0.000795s ]
INFO: [ view_filter ] --END-- [ RunTime:0.003621s ]
INFO: [ view_end ] --START--
INFO: ShowPageTrace Behavior ::run [ RunTime:0.000822s ]
INFO: [ view_end ] --END-- [ RunTime:0.000900s ]

[ 2015-01-15T19:01:11+08:00 ] 0.0.0.0 /bbs/index.php/Files/index.html
INFO: [ route_check ] --START--
INFO: CheckRoute Behavior ::run [ RunTime:0.001223s ]
INFO: [ route_check ] --END-- [ RunTime:0.001358s ]
INFO: [ app_begin ] --START--
INFO: ReadHtmlCache Behavior ::run [ RunTime:0.000645s ]
INFO: [ app_begin ] --END-- [ RunTime:0.000738s ]
NOTIC: [8] A session had already been started - ignoring session_start() C:\wamp\www\bbs\ThinkPHP\Common\functions.php 第 566 行.
SQL: SHOW COLUMNS FROM `project_login` [ RunTime:0.002202s ]
NOTIC: [8] Undefined index: username C:\wamp\www\bbs\APP\Lib\Action\Home\FilesAction.class.php 第 8 行.
SQL: SELECT `mid` FROM `project_login` WHERE ( username="" ) LIMIT 1   [ RunTime:0.000631s ]
SQL: SHOW COLUMNS FROM `project_download` [ RunTime:0.003454s ]
SQL: select *from project_download where mid='' [ RunTime:0.000233s ]
INFO: [ view_parse ] --START--
INFO: ParseTemplate Behavior ::run [ RunTime:0.008871s ]
INFO: [ view_parse ] --END-- [ RunTime:0.008978s ]
INFO: [ view_filter ] --START--
INFO: ContentReplace Behavior ::run [ RunTime:0.000456s ]
INFO: TokenBuild Behavior ::run [ RunTime:0.000435s ]
INFO: WriteHtmlCache Behavior ::run [ RunTime:0.000331s ]
INFO: ShowRuntime Behavior ::run [ RunTime:0.000520s ]
INFO: [ view_filter ] --END-- [ RunTime:0.001957s ]
INFO: [ view_end ] --START--
INFO: ShowPageTrace Behavior ::run [ RunTime:0.000561s ]
INFO: [ view_end ] --END-- [ RunTime:0.000638s ]

[ 2015-01-15T19:01:11+08:00 ] 0.0.0.0 /bbs/index.php/Check/index.html
INFO: [ route_check ] --START--
INFO: CheckRoute Behavior ::run [ RunTime:0.000803s ]
INFO: [ route_check ] --END-- [ RunTime:0.000913s ]
INFO: [ app_begin ] --START--
INFO: ReadHtmlCache Behavior ::run [ RunTime:0.000557s ]
INFO: [ app_begin ] --END-- [ RunTime:0.000638s ]
NOTIC: [8] A session had already been started - ignoring session_start() C:\wamp\www\bbs\ThinkPHP\Common\functions.php 第 566 行.
SQL: SHOW COLUMNS FROM `project_login` [ RunTime:0.002272s ]
NOTIC: [8] Undefined index: username C:\wamp\www\bbs\APP\Lib\Action\Home\CheckAction.class.php 第 8 行.
SQL: SELECT `mid` FROM `project_login` WHERE ( username="" ) LIMIT 1   [ RunTime:0.000207s ]
SQL: SHOW COLUMNS FROM `project_temp` [ RunTime:0.002955s ]
SQL: select *from project_temp where mid='' [ RunTime:0.000203s ]
SQL: select *from project_temp where mid='' [ RunTime:0.000199s ]
INFO: [ view_parse ] --START--
INFO: ParseTemplate Behavior ::run [ RunTime:0.010173s ]
INFO: [ view_parse ] --END-- [ RunTime:0.010302s ]
INFO: [ view_filter ] --START--
INFO: ContentReplace Behavior ::run [ RunTime:0.000569s ]
INFO: TokenBuild Behavior ::run [ RunTime:0.000445s ]
INFO: WriteHtmlCache Behavior ::run [ RunTime:0.000356s ]
INFO: ShowRuntime Behavior ::run [ RunTime:0.000576s ]
INFO: [ view_filter ] --END-- [ RunTime:0.002176s ]
INFO: [ view_end ] --START--
INFO: ShowPageTrace Behavior ::run [ RunTime:0.000729s ]
INFO: [ view_end ] --END-- [ RunTime:0.000823s ]

[ 2015-01-15T19:01:12+08:00 ] 0.0.0.0 /bbs/index.php/Tasks/index.html
INFO: [ route_check ] --START--
INFO: CheckRoute Behavior ::run [ RunTime:0.000666s ]
INFO: [ route_check ] --END-- [ RunTime:0.000768s ]
INFO: [ app_begin ] --START--
INFO: ReadHtmlCache Behavior ::run [ RunTime:0.000512s ]
INFO: [ app_begin ] --END-- [ RunTime:0.000591s ]
NOTIC: [8] A session had already been started - ignoring session_start() C:\wamp\www\bbs\ThinkPHP\Common\functions.php 第 566 行.
INFO: [ view_parse ] --START--
INFO: ParseTemplate Behavior ::run [ RunTime:0.009385s ]
INFO: [ view_parse ] --END-- [ RunTime:0.009509s ]
INFO: [ view_filter ] --START--
INFO: ContentReplace Behavior ::run [ RunTime:0.000447s ]
INFO: TokenBuild Behavior ::run [ RunTime:0.000389s ]
INFO: WriteHtmlCache Behavior ::run [ RunTime:0.000272s ]
INFO: ShowRuntime Behavior ::run [ RunTime:0.000434s ]
INFO: [ view_filter ] --END-- [ RunTime:0.001763s ]
INFO: [ view_end ] --START--
INFO: ShowPageTrace Behavior ::run [ RunTime:0.000577s ]
INFO: [ view_end ] --END-- [ RunTime:0.000656s ]

[ 2015-01-15T19:01:12+08:00 ] 0.0.0.0 /bbs/index.php/Tasks/js/jquery.min.js
INFO: [ route_check ] --START--
INFO: CheckRoute Behavior ::run [ RunTime:0.000601s ]
INFO: [ route_check ] --END-- [ RunTime:0.000693s ]
INFO: [ app_begin ] --START--
INFO: ReadHtmlCache Behavior ::run [ RunTime:0.000504s ]
INFO: [ app_begin ] --END-- [ RunTime:0.000598s ]
NOTIC: [8] A session had already been started - ignoring session_start() C:\wamp\www\bbs\ThinkPHP\Common\functions.php 第 566 行.
ERR: 非法操作:js

[ 2015-01-15T19:01:12+08:00 ] 0.0.0.0 /bbs/index.php/Tasks/js/bootstrap.min.js
INFO: [ route_check ] --START--
INFO: CheckRoute Behavior ::run [ RunTime:0.000621s ]
INFO: [ route_check ] --END-- [ RunTime:0.000712s ]
INFO: [ app_begin ] --START--
INFO: ReadHtmlCache Behavior ::run [ RunTime:0.000455s ]
INFO: [ app_begin ] --END-- [ RunTime:0.000538s ]
NOTIC: [8] A session had already been started - ignoring session_start() C:\wamp\www\bbs\ThinkPHP\Common\functions.php 第 566 行.
ERR: 非法操作:js

[ 2015-01-15T19:01:12+08:00 ] 0.0.0.0 /bbs/index.php/Tasks/js/site.js
INFO: [ route_check ] --START--
INFO: CheckRoute Behavior ::run [ RunTime:0.000879s ]
INFO: [ route_check ] --END-- [ RunTime:0.001075s ]
INFO: [ app_begin ] --START--
INFO: ReadHtmlCache Behavior ::run [ RunTime:0.000507s ]
INFO: [ app_begin ] --END-- [ RunTime:0.000595s ]
NOTIC: [8] A session had already been started - ignoring session_start() C:\wamp\www\bbs\ThinkPHP\Common\functions.php 第 566 行.
ERR: 非法操作:js

