[ 2015-01-11T09:46:43+08:00 ] 0.0.0.0 /bbs/
INFO: [ app_begin ] --START--
INFO: ReadHtmlCache Behavior ::run [ RunTime:0.001426s ]
INFO: [ app_begin ] --END-- [ RunTime:0.001844s ]
NOTIC: [8] A session had already been started - ignoring session_start() C:\wamp\www\bbs\ThinkPHP\Common\functions.php 第 566 行.
NOTIC: [2048] Declaration of IndexAction::show() should be compatible with that of Action::show() C:\wamp\www\bbs\APP\Lib\Action\Home\IndexAction.class.php 第 78 行.
SQL: SHOW COLUMNS FROM `project_login` [ RunTime:0.010772s ]
SQL: SELECT * FROM `project_login`  [ RunTime:0.001146s ]
INFO: [ view_parse ] --START--
NOTIC: [8] Undefined index: sex C:\wamp\www\bbs\APP\Runtime\Cache\Home\36547c3cca62684d03e43575b05925a2.php 第 199 行.
NOTIC: [8] Undefined index: sex C:\wamp\www\bbs\APP\Runtime\Cache\Home\36547c3cca62684d03e43575b05925a2.php 第 199 行.
NOTIC: [8] Undefined index: sex C:\wamp\www\bbs\APP\Runtime\Cache\Home\36547c3cca62684d03e43575b05925a2.php 第 199 行.
NOTIC: [8] Undefined index: sex C:\wamp\www\bbs\APP\Runtime\Cache\Home\36547c3cca62684d03e43575b05925a2.php 第 199 行.
NOTIC: [8] Undefined index: sex C:\wamp\www\bbs\APP\Runtime\Cache\Home\36547c3cca62684d03e43575b05925a2.php 第 199 行.
NOTIC: [8] Undefined index: sex C:\wamp\www\bbs\APP\Runtime\Cache\Home\36547c3cca62684d03e43575b05925a2.php 第 199 行.
NOTIC: [8] Undefined index: sex C:\wamp\www\bbs\APP\Runtime\Cache\Home\36547c3cca62684d03e43575b05925a2.php 第 199 行.
NOTIC: [8] Undefined index: sex C:\wamp\www\bbs\APP\Runtime\Cache\Home\36547c3cca62684d03e43575b05925a2.php 第 199 行.
NOTIC: [8] Undefined index: sex C:\wamp\www\bbs\APP\Runtime\Cache\Home\36547c3cca62684d03e43575b05925a2.php 第 199 行.
INFO: ParseTemplate Behavior ::run [ RunTime:0.014897s ]
INFO: [ view_parse ] --END-- [ RunTime:0.014983s ]
INFO: [ view_filter ] --START--
INFO: ContentReplace Behavior ::run [ RunTime:0.000672s ]
INFO: TokenBuild Behavior ::run [ RunTime:0.000896s ]
INFO: WriteHtmlCache Behavior ::run [ RunTime:0.000528s ]
INFO: ShowRuntime Behavior ::run [ RunTime:0.000791s ]
INFO: [ view_filter ] --END-- [ RunTime:0.003110s ]
INFO: [ view_end ] --START--
INFO: ShowPageTrace Behavior ::run [ RunTime:0.000769s ]
INFO: [ view_end ] --END-- [ RunTime:0.000846s ]

[ 2015-01-11T09:46:48+08:00 ] 0.0.0.0 /bbs/index.php/Login/index
INFO: [ route_check ] --START--
INFO: CheckRoute Behavior ::run [ RunTime:0.000996s ]
INFO: [ route_check ] --END-- [ RunTime:0.001096s ]
INFO: [ app_begin ] --START--
INFO: ReadHtmlCache Behavior ::run [ RunTime:0.000502s ]
INFO: [ app_begin ] --END-- [ RunTime:0.000590s ]
NOTIC: [8] A session had already been started - ignoring session_start() C:\wamp\www\bbs\ThinkPHP\Common\functions.php 第 566 行.
INFO: [ view_parse ] --START--
INFO: ParseTemplate Behavior ::run [ RunTime:0.006718s ]
INFO: [ view_parse ] --END-- [ RunTime:0.006817s ]
INFO: [ view_filter ] --START--
INFO: ContentReplace Behavior ::run [ RunTime:0.000423s ]
INFO: TokenBuild Behavior ::run [ RunTime:0.000428s ]
INFO: WriteHtmlCache Behavior ::run [ RunTime:0.000315s ]
INFO: ShowRuntime Behavior ::run [ RunTime:0.000480s ]
INFO: [ view_filter ] --END-- [ RunTime:0.001859s ]
INFO: [ view_end ] --START--
INFO: ShowPageTrace Behavior ::run [ RunTime:0.000559s ]
INFO: [ view_end ] --END-- [ RunTime:0.000637s ]

[ 2015-01-11T09:46:55+08:00 ] 0.0.0.0 /bbs/index.php/Login/do_login
INFO: [ route_check ] --START--
INFO: CheckRoute Behavior ::run [ RunTime:0.001357s ]
INFO: [ route_check ] --END-- [ RunTime:0.001620s ]
INFO: [ app_begin ] --START--
INFO: ReadHtmlCache Behavior ::run [ RunTime:0.000741s ]
INFO: [ app_begin ] --END-- [ RunTime:0.000862s ]
NOTIC: [8] A session had already been started - ignoring session_start() C:\wamp\www\bbs\ThinkPHP\Common\functions.php 第 566 行.
SQL: SHOW COLUMNS FROM `project_login` [ RunTime:0.004827s ]
SQL: SELECT * FROM `project_login` WHERE ( username="admin" ) LIMIT 1   [ RunTime:0.013312s ]
SQL: SELECT * FROM `project_login` WHERE ( password="12345" ) LIMIT 1   [ RunTime:0.000204s ]
SQL: SELECT `IsAdmin` FROM `project_login` WHERE ( username="admin" ) LIMIT 1   [ RunTime:0.002179s ]
SQL: SELECT `IsSystem` FROM `project_login` WHERE ( username="admin" ) LIMIT 1   [ RunTime:0.000147s ]
SQL: SELECT `IsMember` FROM `project_login` WHERE ( username="admin" ) LIMIT 1   [ RunTime:0.000166s ]

[ 2015-01-11T09:46:55+08:00 ] 0.0.0.0 /bbs/index.php/Student/Index/index.html
INFO: [ route_check ] --START--
INFO: CheckRoute Behavior ::run [ RunTime:0.000593s ]
INFO: [ route_check ] --END-- [ RunTime:0.000696s ]
INFO: [ app_begin ] --START--
INFO: ReadHtmlCache Behavior ::run [ RunTime:0.000476s ]
INFO: [ app_begin ] --END-- [ RunTime:0.000559s ]
NOTIC: [8] A session had already been started - ignoring session_start() C:\wamp\www\bbs\ThinkPHP\Common\functions.php 第 566 行.
INFO: [ view_parse ] --START--
NOTIC: [8] Undefined variable: login C:\wamp\www\bbs\APP\Runtime\Cache\Student\c42e76e2c786ab6eb162cc65ebce7f24.php 第 288 行.
INFO: ParseTemplate Behavior ::run [ RunTime:0.016499s ]
INFO: [ view_parse ] --END-- [ RunTime:0.016590s ]
INFO: [ view_filter ] --START--
INFO: ContentReplace Behavior ::run [ RunTime:0.000443s ]
INFO: TokenBuild Behavior ::run [ RunTime:0.000465s ]
INFO: WriteHtmlCache Behavior ::run [ RunTime:0.000316s ]
INFO: ShowRuntime Behavior ::run [ RunTime:0.000511s ]
INFO: [ view_filter ] --END-- [ RunTime:0.001983s ]
INFO: [ view_end ] --START--
INFO: ShowPageTrace Behavior ::run [ RunTime:0.000549s ]
INFO: [ view_end ] --END-- [ RunTime:0.000627s ]

[ 2015-01-11T09:46:57+08:00 ] 0.0.0.0 /bbs/index.php/Student/Personal/index.html
INFO: [ route_check ] --START--
INFO: CheckRoute Behavior ::run [ RunTime:0.001226s ]
INFO: [ route_check ] --END-- [ RunTime:0.001384s ]
INFO: [ app_begin ] --START--
INFO: ReadHtmlCache Behavior ::run [ RunTime:0.000762s ]
INFO: [ app_begin ] --END-- [ RunTime:0.000896s ]
NOTIC: [8] A session had already been started - ignoring session_start() C:\wamp\www\bbs\ThinkPHP\Common\functions.php 第 566 行.
SQL: SHOW COLUMNS FROM `project_student` [ RunTime:0.005066s ]
SQL: select *from project_student where username='admin' [ RunTime:0.000343s ]
SQL: select *from project_student where username='admin' [ RunTime:0.000274s ]
INFO: [ view_parse ] --START--
NOTIC: [8] Undefined variable: login C:\wamp\www\bbs\APP\Runtime\Cache\Student\7db3b9d71b470c36de90fddf4ba840e8.php 第 252 行.
INFO: ParseTemplate Behavior ::run [ RunTime:0.017296s ]
INFO: [ view_parse ] --END-- [ RunTime:0.017440s ]
INFO: [ view_filter ] --START--
INFO: ContentReplace Behavior ::run [ RunTime:0.000723s ]
INFO: TokenBuild Behavior ::run [ RunTime:0.000673s ]
INFO: WriteHtmlCache Behavior ::run [ RunTime:0.000524s ]
INFO: ShowRuntime Behavior ::run [ RunTime:0.000729s ]
INFO: [ view_filter ] --END-- [ RunTime:0.003010s ]
INFO: [ view_end ] --START--
INFO: ShowPageTrace Behavior ::run [ RunTime:0.000830s ]
INFO: [ view_end ] --END-- [ RunTime:0.000952s ]

[ 2015-01-11T09:47:00+08:00 ] 0.0.0.0 /bbs/index.php/Student/Personal/index.html
INFO: [ route_check ] --START--
INFO: CheckRoute Behavior ::run [ RunTime:0.000659s ]
INFO: [ route_check ] --END-- [ RunTime:0.000771s ]
INFO: [ app_begin ] --START--
INFO: ReadHtmlCache Behavior ::run [ RunTime:0.000448s ]
INFO: [ app_begin ] --END-- [ RunTime:0.000530s ]
NOTIC: [8] A session had already been started - ignoring session_start() C:\wamp\www\bbs\ThinkPHP\Common\functions.php 第 566 行.
SQL: SHOW COLUMNS FROM `project_student` [ RunTime:0.002165s ]
SQL: select *from project_student where username='admin' [ RunTime:0.000259s ]
SQL: select *from project_student where username='admin' [ RunTime:0.000177s ]
INFO: [ view_parse ] --START--
NOTIC: [8] Undefined variable: login C:\wamp\www\bbs\APP\Runtime\Cache\Student\7db3b9d71b470c36de90fddf4ba840e8.php 第 252 行.
INFO: ParseTemplate Behavior ::run [ RunTime:0.010106s ]
INFO: [ view_parse ] --END-- [ RunTime:0.010200s ]
INFO: [ view_filter ] --START--
INFO: ContentReplace Behavior ::run [ RunTime:0.000396s ]
INFO: TokenBuild Behavior ::run [ RunTime:0.000356s ]
INFO: WriteHtmlCache Behavior ::run [ RunTime:0.000256s ]
INFO: ShowRuntime Behavior ::run [ RunTime:0.000441s ]
INFO: [ view_filter ] --END-- [ RunTime:0.001665s ]
INFO: [ view_end ] --START--
INFO: ShowPageTrace Behavior ::run [ RunTime:0.000500s ]
INFO: [ view_end ] --END-- [ RunTime:0.000576s ]

[ 2015-01-11T09:47:01+08:00 ] 0.0.0.0 /bbs/index.php/Student/Profile/index.html
INFO: [ route_check ] --START--
INFO: CheckRoute Behavior ::run [ RunTime:0.000904s ]
INFO: [ route_check ] --END-- [ RunTime:0.001065s ]
INFO: [ app_begin ] --START--
INFO: ReadHtmlCache Behavior ::run [ RunTime:0.000570s ]
INFO: [ app_begin ] --END-- [ RunTime:0.000668s ]
NOTIC: [8] A session had already been started - ignoring session_start() C:\wamp\www\bbs\ThinkPHP\Common\functions.php 第 566 行.
INFO: [ view_parse ] --START--
INFO: ParseTemplate Behavior ::run [ RunTime:0.011924s ]
INFO: [ view_parse ] --END-- [ RunTime:0.012048s ]
INFO: [ view_filter ] --START--
INFO: ContentReplace Behavior ::run [ RunTime:0.000490s ]
INFO: TokenBuild Behavior ::run [ RunTime:0.000379s ]
INFO: WriteHtmlCache Behavior ::run [ RunTime:0.000255s ]
INFO: ShowRuntime Behavior ::run [ RunTime:0.000439s ]
INFO: [ view_filter ] --END-- [ RunTime:0.001813s ]
INFO: [ view_end ] --START--
INFO: ShowPageTrace Behavior ::run [ RunTime:0.000605s ]
INFO: [ view_end ] --END-- [ RunTime:0.000701s ]

[ 2015-01-11T09:47:01+08:00 ] 0.0.0.0 /bbs/index.php/Student/Profile/js/jquery.min.js
INFO: [ route_check ] --START--
INFO: CheckRoute Behavior ::run [ RunTime:0.000968s ]
INFO: [ route_check ] --END-- [ RunTime:0.001135s ]
INFO: [ app_begin ] --START--
INFO: ReadHtmlCache Behavior ::run [ RunTime:0.000730s ]
INFO: [ app_begin ] --END-- [ RunTime:0.000872s ]
NOTIC: [8] A session had already been started - ignoring session_start() C:\wamp\www\bbs\ThinkPHP\Common\functions.php 第 566 行.
ERR: 非法操作:js

[ 2015-01-11T09:47:01+08:00 ] 0.0.0.0 /bbs/index.php/Student/Profile/js/bootstrap.min.js
INFO: [ route_check ] --START--
INFO: CheckRoute Behavior ::run [ RunTime:0.000649s ]
INFO: [ route_check ] --END-- [ RunTime:0.000754s ]
INFO: [ app_begin ] --START--
INFO: ReadHtmlCache Behavior ::run [ RunTime:0.000692s ]
INFO: [ app_begin ] --END-- [ RunTime:0.000836s ]
NOTIC: [8] A session had already been started - ignoring session_start() C:\wamp\www\bbs\ThinkPHP\Common\functions.php 第 566 行.
ERR: 非法操作:js

[ 2015-01-11T09:47:01+08:00 ] 0.0.0.0 /bbs/index.php/Student/Profile/js/site.js
INFO: [ route_check ] --START--
INFO: CheckRoute Behavior ::run [ RunTime:0.001493s ]
INFO: [ route_check ] --END-- [ RunTime:0.001845s ]
INFO: [ app_begin ] --START--
INFO: ReadHtmlCache Behavior ::run [ RunTime:0.001189s ]
INFO: [ app_begin ] --END-- [ RunTime:0.001495s ]
NOTIC: [8] A session had already been started - ignoring session_start() C:\wamp\www\bbs\ThinkPHP\Common\functions.php 第 566 行.
ERR: 非法操作:js

[ 2015-01-11T09:47:10+08:00 ] 0.0.0.0 /bbs/index.php/Login/index
INFO: [ route_check ] --START--
INFO: CheckRoute Behavior ::run [ RunTime:0.000565s ]
INFO: [ route_check ] --END-- [ RunTime:0.000658s ]
INFO: [ app_begin ] --START--
INFO: ReadHtmlCache Behavior ::run [ RunTime:0.000507s ]
INFO: [ app_begin ] --END-- [ RunTime:0.000620s ]
NOTIC: [8] A session had already been started - ignoring session_start() C:\wamp\www\bbs\ThinkPHP\Common\functions.php 第 566 行.
INFO: [ view_parse ] --START--
INFO: ParseTemplate Behavior ::run [ RunTime:0.007026s ]
INFO: [ view_parse ] --END-- [ RunTime:0.007162s ]
INFO: [ view_filter ] --START--
INFO: ContentReplace Behavior ::run [ RunTime:0.000364s ]
INFO: TokenBuild Behavior ::run [ RunTime:0.000375s ]
INFO: WriteHtmlCache Behavior ::run [ RunTime:0.000253s ]
INFO: ShowRuntime Behavior ::run [ RunTime:0.000419s ]
INFO: [ view_filter ] --END-- [ RunTime:0.001623s ]
INFO: [ view_end ] --START--
INFO: ShowPageTrace Behavior ::run [ RunTime:0.000505s ]
INFO: [ view_end ] --END-- [ RunTime:0.000593s ]

[ 2015-01-11T09:47:16+08:00 ] 0.0.0.0 /bbs/index.php/Login/do_login
INFO: [ route_check ] --START--
INFO: CheckRoute Behavior ::run [ RunTime:0.000586s ]
INFO: [ route_check ] --END-- [ RunTime:0.000692s ]
INFO: [ app_begin ] --START--
INFO: ReadHtmlCache Behavior ::run [ RunTime:0.000446s ]
INFO: [ app_begin ] --END-- [ RunTime:0.000536s ]
NOTIC: [8] A session had already been started - ignoring session_start() C:\wamp\www\bbs\ThinkPHP\Common\functions.php 第 566 行.
SQL: SHOW COLUMNS FROM `project_login` [ RunTime:0.002579s ]
SQL: SELECT * FROM `project_login` WHERE ( username="gewenrui" ) LIMIT 1   [ RunTime:0.000319s ]
SQL: SELECT * FROM `project_login` WHERE ( password="12345" ) LIMIT 1   [ RunTime:0.000213s ]
SQL: SELECT `IsAdmin` FROM `project_login` WHERE ( username="gewenrui" ) LIMIT 1   [ RunTime:0.000192s ]
SQL: SELECT `IsSystem` FROM `project_login` WHERE ( username="gewenrui" ) LIMIT 1   [ RunTime:0.000180s ]
SQL: SELECT `IsMember` FROM `project_login` WHERE ( username="gewenrui" ) LIMIT 1   [ RunTime:0.000173s ]

[ 2015-01-11T09:47:16+08:00 ] 0.0.0.0 /bbs/index.php/Index/index.html
INFO: [ route_check ] --START--
INFO: CheckRoute Behavior ::run [ RunTime:0.000583s ]
INFO: [ route_check ] --END-- [ RunTime:0.000685s ]
INFO: [ app_begin ] --START--
INFO: ReadHtmlCache Behavior ::run [ RunTime:0.000440s ]
INFO: [ app_begin ] --END-- [ RunTime:0.000534s ]
NOTIC: [8] A session had already been started - ignoring session_start() C:\wamp\www\bbs\ThinkPHP\Common\functions.php 第 566 行.
NOTIC: [2048] Declaration of IndexAction::show() should be compatible with that of Action::show() C:\wamp\www\bbs\APP\Lib\Action\Home\IndexAction.class.php 第 78 行.
SQL: SHOW COLUMNS FROM `project_login` [ RunTime:0.002284s ]
SQL: SELECT * FROM `project_login`  [ RunTime:0.000255s ]
INFO: [ view_parse ] --START--
NOTIC: [8] Undefined index: sex C:\wamp\www\bbs\APP\Runtime\Cache\Home\36547c3cca62684d03e43575b05925a2.php 第 199 行.
NOTIC: [8] Undefined index: sex C:\wamp\www\bbs\APP\Runtime\Cache\Home\36547c3cca62684d03e43575b05925a2.php 第 199 行.
NOTIC: [8] Undefined index: sex C:\wamp\www\bbs\APP\Runtime\Cache\Home\36547c3cca62684d03e43575b05925a2.php 第 199 行.
NOTIC: [8] Undefined index: sex C:\wamp\www\bbs\APP\Runtime\Cache\Home\36547c3cca62684d03e43575b05925a2.php 第 199 行.
NOTIC: [8] Undefined index: sex C:\wamp\www\bbs\APP\Runtime\Cache\Home\36547c3cca62684d03e43575b05925a2.php 第 199 行.
NOTIC: [8] Undefined index: sex C:\wamp\www\bbs\APP\Runtime\Cache\Home\36547c3cca62684d03e43575b05925a2.php 第 199 行.
NOTIC: [8] Undefined index: sex C:\wamp\www\bbs\APP\Runtime\Cache\Home\36547c3cca62684d03e43575b05925a2.php 第 199 行.
NOTIC: [8] Undefined index: sex C:\wamp\www\bbs\APP\Runtime\Cache\Home\36547c3cca62684d03e43575b05925a2.php 第 199 行.
NOTIC: [8] Undefined index: sex C:\wamp\www\bbs\APP\Runtime\Cache\Home\36547c3cca62684d03e43575b05925a2.php 第 199 行.
INFO: ParseTemplate Behavior ::run [ RunTime:0.008666s ]
INFO: [ view_parse ] --END-- [ RunTime:0.008768s ]
INFO: [ view_filter ] --START--
INFO: ContentReplace Behavior ::run [ RunTime:0.000403s ]
INFO: TokenBuild Behavior ::run [ RunTime:0.000370s ]
INFO: WriteHtmlCache Behavior ::run [ RunTime:0.000265s ]
INFO: ShowRuntime Behavior ::run [ RunTime:0.000467s ]
INFO: [ view_filter ] --END-- [ RunTime:0.001743s ]
INFO: [ view_end ] --START--
INFO: ShowPageTrace Behavior ::run [ RunTime:0.000615s ]
INFO: [ view_end ] --END-- [ RunTime:0.000700s ]

[ 2015-01-11T09:47:16+08:00 ] 0.0.0.0 /bbs/index.php/Index/js/jquery.min.js
INFO: [ route_check ] --START--
INFO: CheckRoute Behavior ::run [ RunTime:0.000619s ]
INFO: [ route_check ] --END-- [ RunTime:0.000762s ]
INFO: [ app_begin ] --START--
INFO: ReadHtmlCache Behavior ::run [ RunTime:0.000836s ]
INFO: [ app_begin ] --END-- [ RunTime:0.001043s ]
NOTIC: [8] A session had already been started - ignoring session_start() C:\wamp\www\bbs\ThinkPHP\Common\functions.php 第 566 行.
NOTIC: [2048] Declaration of IndexAction::show() should be compatible with that of Action::show() C:\wamp\www\bbs\APP\Lib\Action\Home\IndexAction.class.php 第 78 行.
ERR: 非法操作:js

[ 2015-01-11T09:47:16+08:00 ] 0.0.0.0 /bbs/index.php/Index/js/bootstrap.min.js
INFO: [ route_check ] --START--
INFO: CheckRoute Behavior ::run [ RunTime:0.001166s ]
INFO: [ route_check ] --END-- [ RunTime:0.001397s ]
INFO: [ app_begin ] --START--
INFO: ReadHtmlCache Behavior ::run [ RunTime:0.000732s ]
INFO: [ app_begin ] --END-- [ RunTime:0.000870s ]
NOTIC: [8] A session had already been started - ignoring session_start() C:\wamp\www\bbs\ThinkPHP\Common\functions.php 第 566 行.
NOTIC: [2048] Declaration of IndexAction::show() should be compatible with that of Action::show() C:\wamp\www\bbs\APP\Lib\Action\Home\IndexAction.class.php 第 78 行.
ERR: 非法操作:js

[ 2015-01-11T09:47:16+08:00 ] 0.0.0.0 /bbs/index.php/Index/js/site.js
INFO: [ route_check ] --START--
INFO: CheckRoute Behavior ::run [ RunTime:0.000766s ]
INFO: [ route_check ] --END-- [ RunTime:0.000915s ]
INFO: [ app_begin ] --START--
INFO: ReadHtmlCache Behavior ::run [ RunTime:0.000607s ]
INFO: [ app_begin ] --END-- [ RunTime:0.000711s ]
NOTIC: [8] A session had already been started - ignoring session_start() C:\wamp\www\bbs\ThinkPHP\Common\functions.php 第 566 行.
NOTIC: [2048] Declaration of IndexAction::show() should be compatible with that of Action::show() C:\wamp\www\bbs\APP\Lib\Action\Home\IndexAction.class.php 第 78 行.
ERR: 非法操作:js

[ 2015-01-11T09:47:18+08:00 ] 0.0.0.0 /bbs/index.php/Members/index.html
INFO: [ route_check ] --START--
INFO: CheckRoute Behavior ::run [ RunTime:0.001649s ]
INFO: [ route_check ] --END-- [ RunTime:0.001913s ]
INFO: [ app_begin ] --START--
INFO: ReadHtmlCache Behavior ::run [ RunTime:0.001124s ]
INFO: [ app_begin ] --END-- [ RunTime:0.001306s ]
NOTIC: [8] A session had already been started - ignoring session_start() C:\wamp\www\bbs\ThinkPHP\Common\functions.php 第 566 行.
SQL: SHOW COLUMNS FROM `project_login` [ RunTime:0.002575s ]
SQL: SELECT `mid` FROM `project_login` WHERE ( username="gewenrui" ) LIMIT 1   [ RunTime:0.000222s ]
SQL: SHOW COLUMNS FROM `project_members` [ RunTime:0.003289s ]
SQL: select *from project_members where mid='0' [ RunTime:0.001396s ]
SQL: select *from project_members where mid='0' [ RunTime:0.000231s ]
INFO: [ view_parse ] --START--
INFO: ParseTemplate Behavior ::run [ RunTime:0.014371s ]
INFO: [ view_parse ] --END-- [ RunTime:0.014495s ]
INFO: [ view_filter ] --START--
INFO: ContentReplace Behavior ::run [ RunTime:0.000515s ]
INFO: TokenBuild Behavior ::run [ RunTime:0.000365s ]
INFO: WriteHtmlCache Behavior ::run [ RunTime:0.000252s ]
INFO: ShowRuntime Behavior ::run [ RunTime:0.000444s ]
INFO: [ view_filter ] --END-- [ RunTime:0.001806s ]
INFO: [ view_end ] --START--
INFO: ShowPageTrace Behavior ::run [ RunTime:0.000585s ]
INFO: [ view_end ] --END-- [ RunTime:0.000660s ]

[ 2015-01-11T09:47:21+08:00 ] 0.0.0.0 /bbs/index.php/Home/Singleshow/index/id/1
INFO: [ route_check ] --START--
INFO: CheckRoute Behavior ::run [ RunTime:0.000583s ]
INFO: [ route_check ] --END-- [ RunTime:0.000681s ]
INFO: [ app_begin ] --START--
INFO: ReadHtmlCache Behavior ::run [ RunTime:0.000444s ]
INFO: [ app_begin ] --END-- [ RunTime:0.000525s ]
NOTIC: [8] A session had already been started - ignoring session_start() C:\wamp\www\bbs\ThinkPHP\Common\functions.php 第 566 行.
SQL: SHOW COLUMNS FROM `project_members` [ RunTime:0.002189s ]
SQL: select *from project_members where id=1 order by id desc limit 1 [ RunTime:0.001869s ]
INFO: [ view_parse ] --START--
INFO: ParseTemplate Behavior ::run [ RunTime:0.009885s ]
INFO: [ view_parse ] --END-- [ RunTime:0.010001s ]
INFO: [ view_filter ] --START--
INFO: ContentReplace Behavior ::run [ RunTime:0.000391s ]
INFO: TokenBuild Behavior ::run [ RunTime:0.000353s ]
INFO: WriteHtmlCache Behavior ::run [ RunTime:0.000251s ]
INFO: ShowRuntime Behavior ::run [ RunTime:0.000408s ]
INFO: [ view_filter ] --END-- [ RunTime:0.001619s ]
INFO: [ view_end ] --START--
INFO: ShowPageTrace Behavior ::run [ RunTime:0.000475s ]
INFO: [ view_end ] --END-- [ RunTime:0.000549s ]

[ 2015-01-11T09:47:24+08:00 ] 0.0.0.0 /bbs/index.php/Tasks/index.html
INFO: [ route_check ] --START--
INFO: CheckRoute Behavior ::run [ RunTime:0.001314s ]
INFO: [ route_check ] --END-- [ RunTime:0.001598s ]
INFO: [ app_begin ] --START--
INFO: ReadHtmlCache Behavior ::run [ RunTime:0.000936s ]
INFO: [ app_begin ] --END-- [ RunTime:0.001100s ]
NOTIC: [8] A session had already been started - ignoring session_start() C:\wamp\www\bbs\ThinkPHP\Common\functions.php 第 566 行.
INFO: [ view_parse ] --START--
INFO: ParseTemplate Behavior ::run [ RunTime:0.009251s ]
INFO: [ view_parse ] --END-- [ RunTime:0.009367s ]
INFO: [ view_filter ] --START--
INFO: ContentReplace Behavior ::run [ RunTime:0.000378s ]
INFO: TokenBuild Behavior ::run [ RunTime:0.000352s ]
INFO: WriteHtmlCache Behavior ::run [ RunTime:0.000249s ]
INFO: ShowRuntime Behavior ::run [ RunTime:0.000496s ]
INFO: [ view_filter ] --END-- [ RunTime:0.001691s ]
INFO: [ view_end ] --START--
INFO: ShowPageTrace Behavior ::run [ RunTime:0.000703s ]
INFO: [ view_end ] --END-- [ RunTime:0.000779s ]

[ 2015-01-11T09:47:24+08:00 ] 0.0.0.0 /bbs/index.php/Tasks/js/jquery.min.js
INFO: [ route_check ] --START--
INFO: CheckRoute Behavior ::run [ RunTime:0.000864s ]
INFO: [ route_check ] --END-- [ RunTime:0.000996s ]
INFO: [ app_begin ] --START--
INFO: ReadHtmlCache Behavior ::run [ RunTime:0.000770s ]
INFO: [ app_begin ] --END-- [ RunTime:0.000904s ]
NOTIC: [8] A session had already been started - ignoring session_start() C:\wamp\www\bbs\ThinkPHP\Common\functions.php 第 566 行.
ERR: 非法操作:js

[ 2015-01-11T09:47:24+08:00 ] 0.0.0.0 /bbs/index.php/Tasks/js/site.js
INFO: [ route_check ] --START--
INFO: CheckRoute Behavior ::run [ RunTime:0.001078s ]
INFO: [ route_check ] --END-- [ RunTime:0.001202s ]
INFO: [ app_begin ] --START--
INFO: ReadHtmlCache Behavior ::run [ RunTime:0.000766s ]
INFO: [ app_begin ] --END-- [ RunTime:0.000925s ]
NOTIC: [8] A session had already been started - ignoring session_start() C:\wamp\www\bbs\ThinkPHP\Common\functions.php 第 566 行.
ERR: 非法操作:js

[ 2015-01-11T09:47:24+08:00 ] 0.0.0.0 /bbs/index.php/Tasks/js/bootstrap.min.js
INFO: [ route_check ] --START--
INFO: CheckRoute Behavior ::run [ RunTime:0.001140s ]
INFO: [ route_check ] --END-- [ RunTime:0.001303s ]
INFO: [ app_begin ] --START--
INFO: ReadHtmlCache Behavior ::run [ RunTime:0.000887s ]
INFO: [ app_begin ] --END-- [ RunTime:0.001030s ]
NOTIC: [8] A session had already been started - ignoring session_start() C:\wamp\www\bbs\ThinkPHP\Common\functions.php 第 566 行.
ERR: 非法操作:js

[ 2015-01-11T09:47:25+08:00 ] 0.0.0.0 /bbs/index.php/Check/index.html
INFO: [ route_check ] --START--
INFO: CheckRoute Behavior ::run [ RunTime:0.001129s ]
INFO: [ route_check ] --END-- [ RunTime:0.001315s ]
INFO: [ app_begin ] --START--
INFO: ReadHtmlCache Behavior ::run [ RunTime:0.000835s ]
INFO: [ app_begin ] --END-- [ RunTime:0.000964s ]
NOTIC: [8] A session had already been started - ignoring session_start() C:\wamp\www\bbs\ThinkPHP\Common\functions.php 第 566 行.
SQL: SHOW COLUMNS FROM `project_login` [ RunTime:0.003374s ]
SQL: SELECT `mid` FROM `project_login` WHERE ( username="gewenrui" ) LIMIT 1   [ RunTime:0.000389s ]
SQL: SHOW COLUMNS FROM `project_temp` [ RunTime:0.005184s ]
SQL: select *from project_temp where mid='0' [ RunTime:0.000343s ]
SQL: select *from project_temp where mid='0' [ RunTime:0.000297s ]
INFO: [ view_parse ] --START--
INFO: ParseTemplate Behavior ::run [ RunTime:0.016891s ]
INFO: [ view_parse ] --END-- [ RunTime:0.017084s ]
INFO: [ view_filter ] --START--
INFO: ContentReplace Behavior ::run [ RunTime:0.000508s ]
INFO: TokenBuild Behavior ::run [ RunTime:0.000422s ]
INFO: WriteHtmlCache Behavior ::run [ RunTime:0.000351s ]
INFO: ShowRuntime Behavior ::run [ RunTime:0.000577s ]
INFO: [ view_filter ] --END-- [ RunTime:0.002122s ]
INFO: [ view_end ] --START--
INFO: ShowPageTrace Behavior ::run [ RunTime:0.000721s ]
INFO: [ view_end ] --END-- [ RunTime:0.000824s ]

[ 2015-01-11T09:47:27+08:00 ] 0.0.0.0 /bbs/index.php/Show/index.html
INFO: [ route_check ] --START--
INFO: CheckRoute Behavior ::run [ RunTime:0.000832s ]
INFO: [ route_check ] --END-- [ RunTime:0.000989s ]
INFO: [ app_begin ] --START--
INFO: ReadHtmlCache Behavior ::run [ RunTime:0.000568s ]
INFO: [ app_begin ] --END-- [ RunTime:0.000645s ]
NOTIC: [8] A session had already been started - ignoring session_start() C:\wamp\www\bbs\ThinkPHP\Common\functions.php 第 566 行.
SQL: SHOW COLUMNS FROM `project_picture` [ RunTime:0.003425s ]
SQL: select *from project_picture order by id  [ RunTime:0.000252s ]
INFO: [ view_parse ] --START--
INFO: ParseTemplate Behavior ::run [ RunTime:0.011772s ]
INFO: [ view_parse ] --END-- [ RunTime:0.011916s ]
INFO: [ view_filter ] --START--
INFO: ContentReplace Behavior ::run [ RunTime:0.000482s ]
INFO: TokenBuild Behavior ::run [ RunTime:0.000362s ]
INFO: WriteHtmlCache Behavior ::run [ RunTime:0.000261s ]
INFO: ShowRuntime Behavior ::run [ RunTime:0.000475s ]
INFO: [ view_filter ] --END-- [ RunTime:0.001844s ]
INFO: [ view_end ] --START--
INFO: ShowPageTrace Behavior ::run [ RunTime:0.000584s ]
INFO: [ view_end ] --END-- [ RunTime:0.000679s ]

[ 2015-01-11T09:47:27+08:00 ] 0.0.0.0 /bbs/index.php/Show/js/jquery.min.js
INFO: [ route_check ] --START--
INFO: CheckRoute Behavior ::run [ RunTime:0.000900s ]
INFO: [ route_check ] --END-- [ RunTime:0.001061s ]
INFO: [ app_begin ] --START--
INFO: ReadHtmlCache Behavior ::run [ RunTime:0.000799s ]
INFO: [ app_begin ] --END-- [ RunTime:0.000948s ]
NOTIC: [8] A session had already been started - ignoring session_start() C:\wamp\www\bbs\ThinkPHP\Common\functions.php 第 566 行.
ERR: 非法操作:js

[ 2015-01-11T09:47:27+08:00 ] 0.0.0.0 /bbs/index.php/Show/js/site.js
INFO: [ route_check ] --START--
INFO: CheckRoute Behavior ::run [ RunTime:0.000793s ]
INFO: [ route_check ] --END-- [ RunTime:0.000964s ]
INFO: [ app_begin ] --START--
INFO: ReadHtmlCache Behavior ::run [ RunTime:0.000739s ]
INFO: [ app_begin ] --END-- [ RunTime:0.000868s ]
NOTIC: [8] A session had already been started - ignoring session_start() C:\wamp\www\bbs\ThinkPHP\Common\functions.php 第 566 行.
ERR: 非法操作:js

[ 2015-01-11T09:47:27+08:00 ] 0.0.0.0 /bbs/index.php/Show/js/bootstrap.min.js
INFO: [ route_check ] --START--
INFO: CheckRoute Behavior ::run [ RunTime:0.000907s ]
INFO: [ route_check ] --END-- [ RunTime:0.001050s ]
INFO: [ app_begin ] --START--
INFO: ReadHtmlCache Behavior ::run [ RunTime:0.000477s ]
INFO: [ app_begin ] --END-- [ RunTime:0.000570s ]
NOTIC: [8] A session had already been started - ignoring session_start() C:\wamp\www\bbs\ThinkPHP\Common\functions.php 第 566 行.
ERR: 非法操作:js

[ 2015-01-11T09:47:29+08:00 ] 0.0.0.0 /bbs/index.php/Profile/index.html
INFO: [ route_check ] --START--
INFO: CheckRoute Behavior ::run [ RunTime:0.000953s ]
INFO: [ route_check ] --END-- [ RunTime:0.001154s ]
INFO: [ app_begin ] --START--
INFO: ReadHtmlCache Behavior ::run [ RunTime:0.000917s ]
INFO: [ app_begin ] --END-- [ RunTime:0.001045s ]
NOTIC: [8] A session had already been started - ignoring session_start() C:\wamp\www\bbs\ThinkPHP\Common\functions.php 第 566 行.
SQL: SHOW COLUMNS FROM `project_members` [ RunTime:0.002731s ]
SQL: select *from project_members where username='gewenrui' [ RunTime:0.000310s ]
SQL: select *from project_members where username='gewenrui' [ RunTime:0.000239s ]
INFO: [ view_parse ] --START--
INFO: ParseTemplate Behavior ::run [ RunTime:0.011139s ]
INFO: [ view_parse ] --END-- [ RunTime:0.011300s ]
INFO: [ view_filter ] --START--
INFO: ContentReplace Behavior ::run [ RunTime:0.000436s ]
INFO: TokenBuild Behavior ::run [ RunTime:0.000377s ]
INFO: WriteHtmlCache Behavior ::run [ RunTime:0.000251s ]
INFO: ShowRuntime Behavior ::run [ RunTime:0.000490s ]
INFO: [ view_filter ] --END-- [ RunTime:0.001802s ]
INFO: [ view_end ] --START--
INFO: ShowPageTrace Behavior ::run [ RunTime:0.000615s ]
INFO: [ view_end ] --END-- [ RunTime:0.000714s ]

[ 2015-01-11T09:47:29+08:00 ] 0.0.0.0 /bbs/index.php/Profile/js/jquery.min.js
INFO: [ route_check ] --START--
INFO: CheckRoute Behavior ::run [ RunTime:0.001086s ]
INFO: [ route_check ] --END-- [ RunTime:0.001248s ]
INFO: [ app_begin ] --START--
INFO: ReadHtmlCache Behavior ::run [ RunTime:0.000771s ]
INFO: [ app_begin ] --END-- [ RunTime:0.000907s ]
NOTIC: [8] A session had already been started - ignoring session_start() C:\wamp\www\bbs\ThinkPHP\Common\functions.php 第 566 行.
ERR: 非法操作:js

[ 2015-01-11T09:47:29+08:00 ] 0.0.0.0 /bbs/index.php/Profile/js/site.js
INFO: [ route_check ] --START--
INFO: CheckRoute Behavior ::run [ RunTime:0.000921s ]
INFO: [ route_check ] --END-- [ RunTime:0.001058s ]
INFO: [ app_begin ] --START--
INFO: ReadHtmlCache Behavior ::run [ RunTime:0.000737s ]
INFO: [ app_begin ] --END-- [ RunTime:0.000859s ]
NOTIC: [8] A session had already been started - ignoring session_start() C:\wamp\www\bbs\ThinkPHP\Common\functions.php 第 566 行.
ERR: 非法操作:js

[ 2015-01-11T09:47:29+08:00 ] 0.0.0.0 /bbs/index.php/Profile/js/bootstrap.min.js
INFO: [ route_check ] --START--
INFO: CheckRoute Behavior ::run [ RunTime:0.001130s ]
INFO: [ route_check ] --END-- [ RunTime:0.001301s ]
INFO: [ app_begin ] --START--
INFO: ReadHtmlCache Behavior ::run [ RunTime:0.000802s ]
INFO: [ app_begin ] --END-- [ RunTime:0.000994s ]
NOTIC: [8] A session had already been started - ignoring session_start() C:\wamp\www\bbs\ThinkPHP\Common\functions.php 第 566 行.
ERR: 非法操作:js

[ 2015-01-11T09:47:31+08:00 ] 0.0.0.0 /bbs/index.php/Check/index.html
INFO: [ route_check ] --START--
INFO: CheckRoute Behavior ::run [ RunTime:0.000883s ]
INFO: [ route_check ] --END-- [ RunTime:0.001024s ]
INFO: [ app_begin ] --START--
INFO: ReadHtmlCache Behavior ::run [ RunTime:0.000663s ]
INFO: [ app_begin ] --END-- [ RunTime:0.000781s ]
NOTIC: [8] A session had already been started - ignoring session_start() C:\wamp\www\bbs\ThinkPHP\Common\functions.php 第 566 行.
SQL: SHOW COLUMNS FROM `project_login` [ RunTime:0.003151s ]
SQL: SELECT `mid` FROM `project_login` WHERE ( username="gewenrui" ) LIMIT 1   [ RunTime:0.000320s ]
SQL: SHOW COLUMNS FROM `project_temp` [ RunTime:0.003264s ]
SQL: select *from project_temp where mid='0' [ RunTime:0.000339s ]
SQL: select *from project_temp where mid='0' [ RunTime:0.000296s ]
INFO: [ view_parse ] --START--
INFO: ParseTemplate Behavior ::run [ RunTime:0.012841s ]
INFO: [ view_parse ] --END-- [ RunTime:0.013005s ]
INFO: [ view_filter ] --START--
INFO: ContentReplace Behavior ::run [ RunTime:0.000559s ]
INFO: TokenBuild Behavior ::run [ RunTime:0.000529s ]
INFO: WriteHtmlCache Behavior ::run [ RunTime:0.000391s ]
INFO: ShowRuntime Behavior ::run [ RunTime:0.000634s ]
INFO: [ view_filter ] --END-- [ RunTime:0.002472s ]
INFO: [ view_end ] --START--
INFO: ShowPageTrace Behavior ::run [ RunTime:0.000748s ]
INFO: [ view_end ] --END-- [ RunTime:0.000865s ]

[ 2015-01-11T09:47:33+08:00 ] 0.0.0.0 /bbs/index.php/Home/Detailed/index/tid/16
INFO: [ route_check ] --START--
INFO: CheckRoute Behavior ::run [ RunTime:0.000844s ]
INFO: [ route_check ] --END-- [ RunTime:0.000997s ]
INFO: [ app_begin ] --START--
INFO: ReadHtmlCache Behavior ::run [ RunTime:0.000573s ]
INFO: [ app_begin ] --END-- [ RunTime:0.000670s ]
NOTIC: [8] A session had already been started - ignoring session_start() C:\wamp\www\bbs\ThinkPHP\Common\functions.php 第 566 行.
SQL: SHOW COLUMNS FROM `project_temp` [ RunTime:0.002572s ]
SQL: select *from project_temp where tid='16' [ RunTime:0.000595s ]
SQL: select *from project_temp where tid='16' [ RunTime:0.000252s ]
INFO: [ view_parse ] --START--
INFO: ParseTemplate Behavior ::run [ RunTime:0.011358s ]
INFO: [ view_parse ] --END-- [ RunTime:0.011550s ]
INFO: [ view_filter ] --START--
INFO: ContentReplace Behavior ::run [ RunTime:0.000492s ]
INFO: TokenBuild Behavior ::run [ RunTime:0.000403s ]
INFO: WriteHtmlCache Behavior ::run [ RunTime:0.000479s ]
INFO: ShowRuntime Behavior ::run [ RunTime:0.000669s ]
INFO: [ view_filter ] --END-- [ RunTime:0.002334s ]
INFO: [ view_end ] --START--
INFO: ShowPageTrace Behavior ::run [ RunTime:0.000590s ]
INFO: [ view_end ] --END-- [ RunTime:0.000686s ]

[ 2015-01-11T09:47:33+08:00 ] 0.0.0.0 /bbs/index.php/Home/Detailed/index/tid/js/jquery.min.js
INFO: [ route_check ] --START--
INFO: CheckRoute Behavior ::run [ RunTime:0.000897s ]
INFO: [ route_check ] --END-- [ RunTime:0.001046s ]
INFO: [ app_begin ] --START--
INFO: ReadHtmlCache Behavior ::run [ RunTime:0.000726s ]
INFO: [ app_begin ] --END-- [ RunTime:0.000869s ]
NOTIC: [8] A session had already been started - ignoring session_start() C:\wamp\www\bbs\ThinkPHP\Common\functions.php 第 566 行.
SQL: SHOW COLUMNS FROM `project_temp` [ RunTime:0.003252s ]
SQL: select *from project_temp where tid='js' [ RunTime:0.000349s ]
SQL: select *from project_temp where tid='js' [ RunTime:0.000257s ]
INFO: [ view_parse ] --START--
INFO: ParseTemplate Behavior ::run [ RunTime:0.013192s ]
INFO: [ view_parse ] --END-- [ RunTime:0.013358s ]
INFO: [ view_filter ] --START--
INFO: ContentReplace Behavior ::run [ RunTime:0.000469s ]
INFO: TokenBuild Behavior ::run [ RunTime:0.000485s ]
INFO: WriteHtmlCache Behavior ::run [ RunTime:0.000406s ]
INFO: ShowRuntime Behavior ::run [ RunTime:0.000590s ]
INFO: [ view_filter ] --END-- [ RunTime:0.002261s ]
INFO: [ view_end ] --START--
INFO: ShowPageTrace Behavior ::run [ RunTime:0.000691s ]
INFO: [ view_end ] --END-- [ RunTime:0.000807s ]

[ 2015-01-11T09:47:34+08:00 ] 0.0.0.0 /bbs/index.php/Home/Detailed/index/tid/js/bootstrap.min.js
INFO: [ route_check ] --START--
INFO: CheckRoute Behavior ::run [ RunTime:0.001553s ]
INFO: [ route_check ] --END-- [ RunTime:0.001781s ]
INFO: [ app_begin ] --START--
INFO: ReadHtmlCache Behavior ::run [ RunTime:0.001087s ]
INFO: [ app_begin ] --END-- [ RunTime:0.001319s ]
NOTIC: [8] A session had already been started - ignoring session_start() C:\wamp\www\bbs\ThinkPHP\Common\functions.php 第 566 行.
SQL: SHOW COLUMNS FROM `project_temp` [ RunTime:0.004665s ]
SQL: select *from project_temp where tid='js' [ RunTime:0.000350s ]
SQL: select *from project_temp where tid='js' [ RunTime:0.000278s ]
INFO: [ view_parse ] --START--
INFO: ParseTemplate Behavior ::run [ RunTime:0.014356s ]
INFO: [ view_parse ] --END-- [ RunTime:0.014586s ]
INFO: [ view_filter ] --START--
INFO: ContentReplace Behavior ::run [ RunTime:0.000852s ]
INFO: TokenBuild Behavior ::run [ RunTime:0.000499s ]
INFO: WriteHtmlCache Behavior ::run [ RunTime:0.000357s ]
INFO: ShowRuntime Behavior ::run [ RunTime:0.000478s ]
INFO: [ view_filter ] --END-- [ RunTime:0.002507s ]
INFO: [ view_end ] --START--
INFO: ShowPageTrace Behavior ::run [ RunTime:0.000633s ]
INFO: [ view_end ] --END-- [ RunTime:0.000739s ]

[ 2015-01-11T09:47:34+08:00 ] 0.0.0.0 /bbs/index.php/Home/Detailed/index/tid/js/site.js
INFO: [ route_check ] --START--
INFO: CheckRoute Behavior ::run [ RunTime:0.001088s ]
INFO: [ route_check ] --END-- [ RunTime:0.001293s ]
INFO: [ app_begin ] --START--
INFO: ReadHtmlCache Behavior ::run [ RunTime:0.000871s ]
INFO: [ app_begin ] --END-- [ RunTime:0.001010s ]
NOTIC: [8] A session had already been started - ignoring session_start() C:\wamp\www\bbs\ThinkPHP\Common\functions.php 第 566 行.
SQL: SHOW COLUMNS FROM `project_temp` [ RunTime:0.002776s ]
SQL: select *from project_temp where tid='js' [ RunTime:0.000241s ]
SQL: select *from project_temp where tid='js' [ RunTime:0.000185s ]
INFO: [ view_parse ] --START--
INFO: ParseTemplate Behavior ::run [ RunTime:0.010374s ]
INFO: [ view_parse ] --END-- [ RunTime:0.010524s ]
INFO: [ view_filter ] --START--
INFO: ContentReplace Behavior ::run [ RunTime:0.000467s ]
INFO: TokenBuild Behavior ::run [ RunTime:0.000399s ]
INFO: WriteHtmlCache Behavior ::run [ RunTime:0.000288s ]
INFO: ShowRuntime Behavior ::run [ RunTime:0.000501s ]
INFO: [ view_filter ] --END-- [ RunTime:0.001912s ]
INFO: [ view_end ] --START--
INFO: ShowPageTrace Behavior ::run [ RunTime:0.000609s ]
INFO: [ view_end ] --END-- [ RunTime:0.000712s ]

[ 2015-01-11T09:47:40+08:00 ] 0.0.0.0 /bbs/index.php/Home/Solve/add
INFO: [ route_check ] --START--
INFO: CheckRoute Behavior ::run [ RunTime:0.000876s ]
INFO: [ route_check ] --END-- [ RunTime:0.001014s ]
INFO: [ app_begin ] --START--
INFO: ReadHtmlCache Behavior ::run [ RunTime:0.000974s ]
INFO: [ app_begin ] --END-- [ RunTime:0.001087s ]
NOTIC: [8] A session had already been started - ignoring session_start() C:\wamp\www\bbs\ThinkPHP\Common\functions.php 第 566 行.
SQL: SHOW COLUMNS FROM `project_temp` [ RunTime:0.003365s ]
SQL: SELECT `tid`,`sno`,`tname`,`tsex`,`tpicture`,`tphone`,`tdepartclass`,`mid`,`tcontent` FROM `project_temp` WHERE ( tid="16" )  [ RunTime:0.000344s ]
SQL: SHOW COLUMNS FROM `project_members` [ RunTime:0.003359s ]
SQL: INSERT INTO `project_members` (`sno`,`mname`,`msex`,`mphone`,`mpicture`,`mid`,`mdepartclass`,`loginip`,`logintime`) VALUES (55555,'tang','男',110,'54abd96ba52bf.jpg',0,'1122','0.0.0.0','2015-01-11 09:47:40') [ RunTime:0.007768s ]
SQL: delete from project_temp where tid=16 [ RunTime:0.004267s ]
NOTIC: [2] mysql_num_rows() expects parameter 1 to be resource, boolean given C:\wamp\www\bbs\ThinkPHP\Lib\Driver\Db\DbMysql.class.php 第 109 行.

[ 2015-01-11T09:47:44+08:00 ] 0.0.0.0 /bbs/index.php/Members/index.html
INFO: [ route_check ] --START--
INFO: CheckRoute Behavior ::run [ RunTime:0.000872s ]
INFO: [ route_check ] --END-- [ RunTime:0.001013s ]
INFO: [ app_begin ] --START--
INFO: ReadHtmlCache Behavior ::run [ RunTime:0.000654s ]
INFO: [ app_begin ] --END-- [ RunTime:0.000772s ]
NOTIC: [8] A session had already been started - ignoring session_start() C:\wamp\www\bbs\ThinkPHP\Common\functions.php 第 566 行.
SQL: SHOW COLUMNS FROM `project_login` [ RunTime:0.002379s ]
SQL: SELECT `mid` FROM `project_login` WHERE ( username="gewenrui" ) LIMIT 1   [ RunTime:0.000202s ]
SQL: SHOW COLUMNS FROM `project_members` [ RunTime:0.002342s ]
SQL: select *from project_members where mid='0' [ RunTime:0.000292s ]
SQL: select *from project_members where mid='0' [ RunTime:0.000270s ]
INFO: [ view_parse ] --START--
INFO: ParseTemplate Behavior ::run [ RunTime:0.009722s ]
INFO: [ view_parse ] --END-- [ RunTime:0.009862s ]
INFO: [ view_filter ] --START--
INFO: ContentReplace Behavior ::run [ RunTime:0.000671s ]
INFO: TokenBuild Behavior ::run [ RunTime:0.000555s ]
INFO: WriteHtmlCache Behavior ::run [ RunTime:0.000390s ]
INFO: ShowRuntime Behavior ::run [ RunTime:0.000654s ]
INFO: [ view_filter ] --END-- [ RunTime:0.002652s ]
INFO: [ view_end ] --START--
INFO: ShowPageTrace Behavior ::run [ RunTime:0.000732s ]
INFO: [ view_end ] --END-- [ RunTime:0.000860s ]

[ 2015-01-11T09:47:48+08:00 ] 0.0.0.0 /bbs/index.php/Files/index.html
INFO: [ route_check ] --START--
INFO: CheckRoute Behavior ::run [ RunTime:0.000608s ]
INFO: [ route_check ] --END-- [ RunTime:0.000705s ]
INFO: [ app_begin ] --START--
INFO: ReadHtmlCache Behavior ::run [ RunTime:0.000445s ]
INFO: [ app_begin ] --END-- [ RunTime:0.000524s ]
NOTIC: [8] A session had already been started - ignoring session_start() C:\wamp\www\bbs\ThinkPHP\Common\functions.php 第 566 行.
SQL: SHOW COLUMNS FROM `project_login` [ RunTime:0.002462s ]
SQL: SELECT `mid` FROM `project_login` WHERE ( username="gewenrui" ) LIMIT 1   [ RunTime:0.000247s ]
SQL: SHOW COLUMNS FROM `project_download` [ RunTime:0.003505s ]
SQL: select *from project_download where mid='0' [ RunTime:0.000227s ]
INFO: [ view_parse ] --START--
INFO: ParseTemplate Behavior ::run [ RunTime:0.011394s ]
INFO: [ view_parse ] --END-- [ RunTime:0.011543s ]
INFO: [ view_filter ] --START--
INFO: ContentReplace Behavior ::run [ RunTime:0.000559s ]
INFO: TokenBuild Behavior ::run [ RunTime:0.000453s ]
INFO: WriteHtmlCache Behavior ::run [ RunTime:0.000257s ]
INFO: ShowRuntime Behavior ::run [ RunTime:0.000420s ]
INFO: [ view_filter ] --END-- [ RunTime:0.001964s ]
INFO: [ view_end ] --START--
INFO: ShowPageTrace Behavior ::run [ RunTime:0.000465s ]
INFO: [ view_end ] --END-- [ RunTime:0.000541s ]

