[ 2015-01-07T07:43:06+08:00 ] 0.0.0.0 /bbs/
INFO: [ app_begin ] --START--
INFO: ReadHtmlCache Behavior ::run [ RunTime:0.001929s ]
INFO: [ app_begin ] --END-- [ RunTime:0.002134s ]
NOTIC: [8] A session had already been started - ignoring session_start() C:\wamp\www\bbs\ThinkPHP\Common\functions.php 第 566 行.
NOTIC: [2048] Declaration of IndexAction::show() should be compatible with that of Action::show() C:\wamp\www\bbs\APP\Lib\Action\Home\IndexAction.class.php 第 78 行.
SQL: SHOW COLUMNS FROM `project_login` [ RunTime:0.006194s ]
SQL: SELECT * FROM `project_login`  [ RunTime:0.000329s ]
INFO: [ view_parse ] --START--
NOTIC: [8] Undefined index: sex C:\wamp\www\bbs\APP\Runtime\Cache\Home\36547c3cca62684d03e43575b05925a2.php 第 199 行.
NOTIC: [8] Undefined index: sex C:\wamp\www\bbs\APP\Runtime\Cache\Home\36547c3cca62684d03e43575b05925a2.php 第 199 行.
NOTIC: [8] Undefined index: sex C:\wamp\www\bbs\APP\Runtime\Cache\Home\36547c3cca62684d03e43575b05925a2.php 第 199 行.
NOTIC: [8] Undefined index: sex C:\wamp\www\bbs\APP\Runtime\Cache\Home\36547c3cca62684d03e43575b05925a2.php 第 199 行.
NOTIC: [8] Undefined index: sex C:\wamp\www\bbs\APP\Runtime\Cache\Home\36547c3cca62684d03e43575b05925a2.php 第 199 行.
NOTIC: [8] Undefined index: sex C:\wamp\www\bbs\APP\Runtime\Cache\Home\36547c3cca62684d03e43575b05925a2.php 第 199 行.
NOTIC: [8] Undefined index: sex C:\wamp\www\bbs\APP\Runtime\Cache\Home\36547c3cca62684d03e43575b05925a2.php 第 199 行.
INFO: ParseTemplate Behavior ::run [ RunTime:0.014524s ]
INFO: [ view_parse ] --END-- [ RunTime:0.014633s ]
INFO: [ view_filter ] --START--
INFO: ContentReplace Behavior ::run [ RunTime:0.000702s ]
INFO: TokenBuild Behavior ::run [ RunTime:0.000798s ]
INFO: WriteHtmlCache Behavior ::run [ RunTime:0.000536s ]
INFO: ShowRuntime Behavior ::run [ RunTime:0.000759s ]
INFO: [ view_filter ] --END-- [ RunTime:0.003038s ]
INFO: [ view_end ] --START--
INFO: ShowPageTrace Behavior ::run [ RunTime:0.000769s ]
INFO: [ view_end ] --END-- [ RunTime:0.000846s ]

[ 2015-01-07T07:43:07+08:00 ] 0.0.0.0 /bbs/index.php/Members/index.html
INFO: [ route_check ] --START--
INFO: CheckRoute Behavior ::run [ RunTime:0.001730s ]
INFO: [ route_check ] --END-- [ RunTime:0.001892s ]
INFO: [ app_begin ] --START--
INFO: ReadHtmlCache Behavior ::run [ RunTime:0.000914s ]
INFO: [ app_begin ] --END-- [ RunTime:0.001034s ]
NOTIC: [8] A session had already been started - ignoring session_start() C:\wamp\www\bbs\ThinkPHP\Common\functions.php 第 566 行.
SQL: SHOW COLUMNS FROM `project_login` [ RunTime:0.003424s ]
NOTIC: [8] Undefined index: username C:\wamp\www\bbs\APP\Lib\Action\Home\MembersAction.class.php 第 8 行.
SQL: SELECT `mid` FROM `project_login` WHERE ( username="" ) LIMIT 1   [ RunTime:0.001046s ]
SQL: SHOW COLUMNS FROM `project_members` [ RunTime:0.005247s ]
SQL: select *from project_members where mid='' [ RunTime:0.000446s ]
SQL: select *from project_members where mid='' [ RunTime:0.000364s ]
INFO: [ view_parse ] --START--
INFO: ParseTemplate Behavior ::run [ RunTime:0.015150s ]
INFO: [ view_parse ] --END-- [ RunTime:0.015303s ]
INFO: [ view_filter ] --START--
INFO: ContentReplace Behavior ::run [ RunTime:0.000724s ]
INFO: TokenBuild Behavior ::run [ RunTime:0.000639s ]
INFO: WriteHtmlCache Behavior ::run [ RunTime:0.000382s ]
INFO: ShowRuntime Behavior ::run [ RunTime:0.000568s ]
INFO: [ view_filter ] --END-- [ RunTime:0.002630s ]
INFO: [ view_end ] --START--
INFO: ShowPageTrace Behavior ::run [ RunTime:0.000566s ]
INFO: [ view_end ] --END-- [ RunTime:0.000640s ]

[ 2015-01-07T07:43:09+08:00 ] 0.0.0.0 /bbs/index.php/Tasks/index.html
INFO: [ route_check ] --START--
INFO: CheckRoute Behavior ::run [ RunTime:0.000959s ]
INFO: [ route_check ] --END-- [ RunTime:0.001125s ]
INFO: [ app_begin ] --START--
INFO: ReadHtmlCache Behavior ::run [ RunTime:0.000696s ]
INFO: [ app_begin ] --END-- [ RunTime:0.000815s ]
NOTIC: [8] A session had already been started - ignoring session_start() C:\wamp\www\bbs\ThinkPHP\Common\functions.php 第 566 行.
INFO: [ view_parse ] --START--
INFO: ParseTemplate Behavior ::run [ RunTime:0.010659s ]
INFO: [ view_parse ] --END-- [ RunTime:0.010795s ]
INFO: [ view_filter ] --START--
INFO: ContentReplace Behavior ::run [ RunTime:0.000398s ]
INFO: TokenBuild Behavior ::run [ RunTime:0.000357s ]
INFO: WriteHtmlCache Behavior ::run [ RunTime:0.000255s ]
INFO: ShowRuntime Behavior ::run [ RunTime:0.000418s ]
INFO: [ view_filter ] --END-- [ RunTime:0.001641s ]
INFO: [ view_end ] --START--
INFO: ShowPageTrace Behavior ::run [ RunTime:0.000485s ]
INFO: [ view_end ] --END-- [ RunTime:0.000561s ]

[ 2015-01-07T07:43:09+08:00 ] 0.0.0.0 /bbs/index.php/Tasks/js/jquery.min.js
INFO: [ route_check ] --START--
INFO: CheckRoute Behavior ::run [ RunTime:0.000928s ]
INFO: [ route_check ] --END-- [ RunTime:0.001071s ]
INFO: [ app_begin ] --START--
INFO: ReadHtmlCache Behavior ::run [ RunTime:0.000670s ]
INFO: [ app_begin ] --END-- [ RunTime:0.000798s ]
NOTIC: [8] A session had already been started - ignoring session_start() C:\wamp\www\bbs\ThinkPHP\Common\functions.php 第 566 行.
ERR: 非法操作:js

[ 2015-01-07T07:43:09+08:00 ] 0.0.0.0 /bbs/index.php/Tasks/js/bootstrap.min.js
INFO: [ route_check ] --START--
INFO: CheckRoute Behavior ::run [ RunTime:0.001005s ]
INFO: [ route_check ] --END-- [ RunTime:0.001136s ]
INFO: [ app_begin ] --START--
INFO: ReadHtmlCache Behavior ::run [ RunTime:0.000713s ]
INFO: [ app_begin ] --END-- [ RunTime:0.000845s ]
NOTIC: [8] A session had already been started - ignoring session_start() C:\wamp\www\bbs\ThinkPHP\Common\functions.php 第 566 行.
ERR: 非法操作:js

[ 2015-01-07T07:43:09+08:00 ] 0.0.0.0 /bbs/index.php/Tasks/js/site.js
INFO: [ route_check ] --START--
INFO: CheckRoute Behavior ::run [ RunTime:0.000959s ]
INFO: [ route_check ] --END-- [ RunTime:0.001116s ]
INFO: [ app_begin ] --START--
INFO: ReadHtmlCache Behavior ::run [ RunTime:0.000666s ]
INFO: [ app_begin ] --END-- [ RunTime:0.000806s ]
NOTIC: [8] A session had already been started - ignoring session_start() C:\wamp\www\bbs\ThinkPHP\Common\functions.php 第 566 行.
ERR: 非法操作:js

[ 2015-01-07T07:43:10+08:00 ] 0.0.0.0 /bbs/index.php/Check/index.html
INFO: [ route_check ] --START--
INFO: CheckRoute Behavior ::run [ RunTime:0.001134s ]
INFO: [ route_check ] --END-- [ RunTime:0.001318s ]
INFO: [ app_begin ] --START--
INFO: ReadHtmlCache Behavior ::run [ RunTime:0.000867s ]
INFO: [ app_begin ] --END-- [ RunTime:0.000998s ]
NOTIC: [8] A session had already been started - ignoring session_start() C:\wamp\www\bbs\ThinkPHP\Common\functions.php 第 566 行.
SQL: SHOW COLUMNS FROM `project_login` [ RunTime:0.002971s ]
NOTIC: [8] Undefined index: username C:\wamp\www\bbs\APP\Lib\Action\Home\CheckAction.class.php 第 8 行.
SQL: SELECT `mid` FROM `project_login` WHERE ( username="" ) LIMIT 1   [ RunTime:0.000281s ]
SQL: SHOW COLUMNS FROM `project_temp` [ RunTime:0.003942s ]
SQL: select *from project_temp where mid='' [ RunTime:0.000264s ]
SQL: select *from project_temp where mid='' [ RunTime:0.000250s ]
INFO: [ view_parse ] --START--
INFO: ParseTemplate Behavior ::run [ RunTime:0.009932s ]
INFO: [ view_parse ] --END-- [ RunTime:0.010060s ]
INFO: [ view_filter ] --START--
INFO: ContentReplace Behavior ::run [ RunTime:0.000389s ]
INFO: TokenBuild Behavior ::run [ RunTime:0.000364s ]
INFO: WriteHtmlCache Behavior ::run [ RunTime:0.000256s ]
INFO: ShowRuntime Behavior ::run [ RunTime:0.000416s ]
INFO: [ view_filter ] --END-- [ RunTime:0.001635s ]
INFO: [ view_end ] --START--
INFO: ShowPageTrace Behavior ::run [ RunTime:0.000482s ]
INFO: [ view_end ] --END-- [ RunTime:0.000558s ]

[ 2015-01-07T07:43:15+08:00 ] 0.0.0.0 /bbs/index.php/Home/Detailed/index/tid/16
INFO: [ route_check ] --START--
INFO: CheckRoute Behavior ::run [ RunTime:0.000862s ]
INFO: [ route_check ] --END-- [ RunTime:0.001006s ]
INFO: [ app_begin ] --START--
INFO: ReadHtmlCache Behavior ::run [ RunTime:0.000669s ]
INFO: [ app_begin ] --END-- [ RunTime:0.000801s ]
NOTIC: [8] A session had already been started - ignoring session_start() C:\wamp\www\bbs\ThinkPHP\Common\functions.php 第 566 行.
SQL: SHOW COLUMNS FROM `project_temp` [ RunTime:0.002985s ]
SQL: select *from project_temp where tid='16' [ RunTime:0.000387s ]
SQL: select *from project_temp where tid='16' [ RunTime:0.000338s ]
INFO: [ view_parse ] --START--
INFO: ParseTemplate Behavior ::run [ RunTime:0.013105s ]
INFO: [ view_parse ] --END-- [ RunTime:0.013268s ]
INFO: [ view_filter ] --START--
INFO: ContentReplace Behavior ::run [ RunTime:0.000569s ]
INFO: TokenBuild Behavior ::run [ RunTime:0.000534s ]
INFO: WriteHtmlCache Behavior ::run [ RunTime:0.000381s ]
INFO: ShowRuntime Behavior ::run [ RunTime:0.000618s ]
INFO: [ view_filter ] --END-- [ RunTime:0.002415s ]
INFO: [ view_end ] --START--
INFO: ShowPageTrace Behavior ::run [ RunTime:0.000723s ]
INFO: [ view_end ] --END-- [ RunTime:0.000836s ]

[ 2015-01-07T07:43:15+08:00 ] 0.0.0.0 /bbs/index.php/Home/Detailed/index/tid/js/jquery.min.js
INFO: [ route_check ] --START--
INFO: CheckRoute Behavior ::run [ RunTime:0.001528s ]
INFO: [ route_check ] --END-- [ RunTime:0.001804s ]
INFO: [ app_begin ] --START--
INFO: ReadHtmlCache Behavior ::run [ RunTime:0.000967s ]
INFO: [ app_begin ] --END-- [ RunTime:0.001121s ]
NOTIC: [8] A session had already been started - ignoring session_start() C:\wamp\www\bbs\ThinkPHP\Common\functions.php 第 566 行.
SQL: SHOW COLUMNS FROM `project_temp` [ RunTime:0.003171s ]
SQL: select *from project_temp where tid='js' [ RunTime:0.000342s ]
SQL: select *from project_temp where tid='js' [ RunTime:0.000239s ]
INFO: [ view_parse ] --START--
INFO: ParseTemplate Behavior ::run [ RunTime:0.013275s ]
INFO: [ view_parse ] --END-- [ RunTime:0.013388s ]
INFO: [ view_filter ] --START--
INFO: ContentReplace Behavior ::run [ RunTime:0.000477s ]
INFO: TokenBuild Behavior ::run [ RunTime:0.000720s ]
INFO: WriteHtmlCache Behavior ::run [ RunTime:0.000393s ]
INFO: ShowRuntime Behavior ::run [ RunTime:0.000683s ]
INFO: [ view_filter ] --END-- [ RunTime:0.002556s ]
INFO: [ view_end ] --START--
INFO: ShowPageTrace Behavior ::run [ RunTime:0.000902s ]
INFO: [ view_end ] --END-- [ RunTime:0.001042s ]

[ 2015-01-07T07:43:15+08:00 ] 0.0.0.0 /bbs/index.php/Home/Detailed/index/tid/js/bootstrap.min.js
INFO: [ route_check ] --START--
INFO: CheckRoute Behavior ::run [ RunTime:0.001163s ]
INFO: [ route_check ] --END-- [ RunTime:0.001376s ]
INFO: [ app_begin ] --START--
INFO: ReadHtmlCache Behavior ::run [ RunTime:0.000843s ]
INFO: [ app_begin ] --END-- [ RunTime:0.000998s ]
NOTIC: [8] A session had already been started - ignoring session_start() C:\wamp\www\bbs\ThinkPHP\Common\functions.php 第 566 行.
SQL: SHOW COLUMNS FROM `project_temp` [ RunTime:0.003363s ]
SQL: select *from project_temp where tid='js' [ RunTime:0.000292s ]
SQL: select *from project_temp where tid='js' [ RunTime:0.000225s ]
INFO: [ view_parse ] --START--
INFO: ParseTemplate Behavior ::run [ RunTime:0.009944s ]
INFO: [ view_parse ] --END-- [ RunTime:0.010148s ]
INFO: [ view_filter ] --START--
INFO: ContentReplace Behavior ::run [ RunTime:0.000523s ]
INFO: TokenBuild Behavior ::run [ RunTime:0.000379s ]
INFO: WriteHtmlCache Behavior ::run [ RunTime:0.000266s ]
INFO: ShowRuntime Behavior ::run [ RunTime:0.000436s ]
INFO: [ view_filter ] --END-- [ RunTime:0.001872s ]
INFO: [ view_end ] --START--
INFO: ShowPageTrace Behavior ::run [ RunTime:0.000522s ]
INFO: [ view_end ] --END-- [ RunTime:0.000613s ]

[ 2015-01-07T07:43:15+08:00 ] 0.0.0.0 /bbs/index.php/Home/Detailed/index/tid/js/site.js
INFO: [ route_check ] --START--
INFO: CheckRoute Behavior ::run [ RunTime:0.000806s ]
INFO: [ route_check ] --END-- [ RunTime:0.000911s ]
INFO: [ app_begin ] --START--
INFO: ReadHtmlCache Behavior ::run [ RunTime:0.000749s ]
INFO: [ app_begin ] --END-- [ RunTime:0.000866s ]
NOTIC: [8] A session had already been started - ignoring session_start() C:\wamp\www\bbs\ThinkPHP\Common\functions.php 第 566 行.
SQL: SHOW COLUMNS FROM `project_temp` [ RunTime:0.002169s ]
SQL: select *from project_temp where tid='js' [ RunTime:0.000209s ]
SQL: select *from project_temp where tid='js' [ RunTime:0.000171s ]
INFO: [ view_parse ] --START--
INFO: ParseTemplate Behavior ::run [ RunTime:0.010735s ]
INFO: [ view_parse ] --END-- [ RunTime:0.010862s ]
INFO: [ view_filter ] --START--
INFO: ContentReplace Behavior ::run [ RunTime:0.000443s ]
INFO: TokenBuild Behavior ::run [ RunTime:0.000424s ]
INFO: WriteHtmlCache Behavior ::run [ RunTime:0.000314s ]
INFO: ShowRuntime Behavior ::run [ RunTime:0.000475s ]
INFO: [ view_filter ] --END-- [ RunTime:0.001870s ]
INFO: [ view_end ] --START--
INFO: ShowPageTrace Behavior ::run [ RunTime:0.000529s ]
INFO: [ view_end ] --END-- [ RunTime:0.000605s ]

[ 2015-01-07T07:43:22+08:00 ] 0.0.0.0 /bbs/index.php/Home/Detailed/index/tid/16
INFO: [ route_check ] --START--
INFO: CheckRoute Behavior ::run [ RunTime:0.000790s ]
INFO: [ route_check ] --END-- [ RunTime:0.000962s ]
INFO: [ app_begin ] --START--
INFO: ReadHtmlCache Behavior ::run [ RunTime:0.000638s ]
INFO: [ app_begin ] --END-- [ RunTime:0.000722s ]
NOTIC: [8] A session had already been started - ignoring session_start() C:\wamp\www\bbs\ThinkPHP\Common\functions.php 第 566 行.
SQL: SHOW COLUMNS FROM `project_temp` [ RunTime:0.002525s ]
SQL: select *from project_temp where tid='16' [ RunTime:0.000266s ]
SQL: select *from project_temp where tid='16' [ RunTime:0.000215s ]
INFO: [ view_parse ] --START--
INFO: ParseTemplate Behavior ::run [ RunTime:0.008990s ]
INFO: [ view_parse ] --END-- [ RunTime:0.009135s ]
INFO: [ view_filter ] --START--
INFO: ContentReplace Behavior ::run [ RunTime:0.000437s ]
INFO: TokenBuild Behavior ::run [ RunTime:0.000410s ]
INFO: WriteHtmlCache Behavior ::run [ RunTime:0.000327s ]
INFO: ShowRuntime Behavior ::run [ RunTime:0.000521s ]
INFO: [ view_filter ] --END-- [ RunTime:0.001916s ]
INFO: [ view_end ] --START--
INFO: ShowPageTrace Behavior ::run [ RunTime:0.000875s ]
INFO: [ view_end ] --END-- [ RunTime:0.000961s ]

[ 2015-01-07T07:43:22+08:00 ] 0.0.0.0 /bbs/index.php/Home/Detailed/index/tid/js/jquery.min.js
INFO: [ route_check ] --START--
INFO: CheckRoute Behavior ::run [ RunTime:0.000785s ]
INFO: [ route_check ] --END-- [ RunTime:0.000917s ]
INFO: [ app_begin ] --START--
INFO: ReadHtmlCache Behavior ::run [ RunTime:0.000691s ]
INFO: [ app_begin ] --END-- [ RunTime:0.000810s ]
NOTIC: [8] A session had already been started - ignoring session_start() C:\wamp\www\bbs\ThinkPHP\Common\functions.php 第 566 行.
SQL: SHOW COLUMNS FROM `project_temp` [ RunTime:0.003144s ]
SQL: select *from project_temp where tid='js' [ RunTime:0.000337s ]
SQL: select *from project_temp where tid='js' [ RunTime:0.000216s ]
INFO: [ view_parse ] --START--
INFO: ParseTemplate Behavior ::run [ RunTime:0.012209s ]
INFO: [ view_parse ] --END-- [ RunTime:0.012382s ]
INFO: [ view_filter ] --START--
INFO: ContentReplace Behavior ::run [ RunTime:0.000540s ]
INFO: TokenBuild Behavior ::run [ RunTime:0.000480s ]
INFO: WriteHtmlCache Behavior ::run [ RunTime:0.000319s ]
INFO: ShowRuntime Behavior ::run [ RunTime:0.000578s ]
INFO: [ view_filter ] --END-- [ RunTime:0.002219s ]
INFO: [ view_end ] --START--
INFO: ShowPageTrace Behavior ::run [ RunTime:0.000627s ]
INFO: [ view_end ] --END-- [ RunTime:0.000726s ]

[ 2015-01-07T07:43:22+08:00 ] 0.0.0.0 /bbs/index.php/Home/Detailed/index/tid/js/site.js
INFO: [ route_check ] --START--
INFO: CheckRoute Behavior ::run [ RunTime:0.000715s ]
INFO: [ route_check ] --END-- [ RunTime:0.000852s ]
INFO: [ app_begin ] --START--
INFO: ReadHtmlCache Behavior ::run [ RunTime:0.000615s ]
INFO: [ app_begin ] --END-- [ RunTime:0.000733s ]
NOTIC: [8] A session had already been started - ignoring session_start() C:\wamp\www\bbs\ThinkPHP\Common\functions.php 第 566 行.
SQL: SHOW COLUMNS FROM `project_temp` [ RunTime:0.003262s ]
SQL: select *from project_temp where tid='js' [ RunTime:0.000284s ]
SQL: select *from project_temp where tid='js' [ RunTime:0.000176s ]
INFO: [ view_parse ] --START--
INFO: ParseTemplate Behavior ::run [ RunTime:0.010556s ]
INFO: [ view_parse ] --END-- [ RunTime:0.010769s ]
INFO: [ view_filter ] --START--
INFO: ContentReplace Behavior ::run [ RunTime:0.000629s ]
INFO: TokenBuild Behavior ::run [ RunTime:0.000503s ]
INFO: WriteHtmlCache Behavior ::run [ RunTime:0.000372s ]
INFO: ShowRuntime Behavior ::run [ RunTime:0.000404s ]
INFO: [ view_filter ] --END-- [ RunTime:0.002177s ]
INFO: [ view_end ] --START--
INFO: ShowPageTrace Behavior ::run [ RunTime:0.000485s ]
INFO: [ view_end ] --END-- [ RunTime:0.000562s ]

[ 2015-01-07T07:43:22+08:00 ] 0.0.0.0 /bbs/index.php/Home/Detailed/index/tid/js/bootstrap.min.js
INFO: [ route_check ] --START--
INFO: CheckRoute Behavior ::run [ RunTime:0.001222s ]
INFO: [ route_check ] --END-- [ RunTime:0.001405s ]
INFO: [ app_begin ] --START--
INFO: ReadHtmlCache Behavior ::run [ RunTime:0.000498s ]
INFO: [ app_begin ] --END-- [ RunTime:0.000577s ]
NOTIC: [8] A session had already been started - ignoring session_start() C:\wamp\www\bbs\ThinkPHP\Common\functions.php 第 566 行.
SQL: SHOW COLUMNS FROM `project_temp` [ RunTime:0.002919s ]
SQL: select *from project_temp where tid='js' [ RunTime:0.000280s ]
SQL: select *from project_temp where tid='js' [ RunTime:0.000296s ]
INFO: [ view_parse ] --START--
INFO: ParseTemplate Behavior ::run [ RunTime:0.010319s ]
INFO: [ view_parse ] --END-- [ RunTime:0.010463s ]
INFO: [ view_filter ] --START--
INFO: ContentReplace Behavior ::run [ RunTime:0.000470s ]
INFO: TokenBuild Behavior ::run [ RunTime:0.000418s ]
INFO: WriteHtmlCache Behavior ::run [ RunTime:0.000346s ]
INFO: ShowRuntime Behavior ::run [ RunTime:0.000474s ]
INFO: [ view_filter ] --END-- [ RunTime:0.001923s ]
INFO: [ view_end ] --START--
INFO: ShowPageTrace Behavior ::run [ RunTime:0.000523s ]
INFO: [ view_end ] --END-- [ RunTime:0.000599s ]

[ 2015-01-07T07:43:30+08:00 ] 0.0.0.0 /bbs/index.php/Tasks/index.html
INFO: [ route_check ] --START--
INFO: CheckRoute Behavior ::run [ RunTime:0.000570s ]
INFO: [ route_check ] --END-- [ RunTime:0.000684s ]
INFO: [ app_begin ] --START--
INFO: ReadHtmlCache Behavior ::run [ RunTime:0.000482s ]
INFO: [ app_begin ] --END-- [ RunTime:0.000561s ]
NOTIC: [8] A session had already been started - ignoring session_start() C:\wamp\www\bbs\ThinkPHP\Common\functions.php 第 566 行.
INFO: [ view_parse ] --START--
INFO: ParseTemplate Behavior ::run [ RunTime:0.007011s ]
INFO: [ view_parse ] --END-- [ RunTime:0.007099s ]
INFO: [ view_filter ] --START--
INFO: ContentReplace Behavior ::run [ RunTime:0.000372s ]
INFO: TokenBuild Behavior ::run [ RunTime:0.000346s ]
INFO: WriteHtmlCache Behavior ::run [ RunTime:0.000243s ]
INFO: ShowRuntime Behavior ::run [ RunTime:0.000441s ]
INFO: [ view_filter ] --END-- [ RunTime:0.001614s ]
INFO: [ view_end ] --START--
INFO: ShowPageTrace Behavior ::run [ RunTime:0.000494s ]
INFO: [ view_end ] --END-- [ RunTime:0.000568s ]

[ 2015-01-07T07:43:30+08:00 ] 0.0.0.0 /bbs/index.php/Tasks/js/jquery.min.js
INFO: [ route_check ] --START--
INFO: CheckRoute Behavior ::run [ RunTime:0.000787s ]
INFO: [ route_check ] --END-- [ RunTime:0.000920s ]
INFO: [ app_begin ] --START--
INFO: ReadHtmlCache Behavior ::run [ RunTime:0.000615s ]
INFO: [ app_begin ] --END-- [ RunTime:0.000724s ]
NOTIC: [8] A session had already been started - ignoring session_start() C:\wamp\www\bbs\ThinkPHP\Common\functions.php 第 566 行.
ERR: 非法操作:js

[ 2015-01-07T07:43:30+08:00 ] 0.0.0.0 /bbs/index.php/Tasks/js/bootstrap.min.js
INFO: [ route_check ] --START--
INFO: CheckRoute Behavior ::run [ RunTime:0.000862s ]
INFO: [ route_check ] --END-- [ RunTime:0.001009s ]
INFO: [ app_begin ] --START--
INFO: ReadHtmlCache Behavior ::run [ RunTime:0.000671s ]
INFO: [ app_begin ] --END-- [ RunTime:0.000811s ]
NOTIC: [8] A session had already been started - ignoring session_start() C:\wamp\www\bbs\ThinkPHP\Common\functions.php 第 566 行.
ERR: 非法操作:js

[ 2015-01-07T07:43:30+08:00 ] 0.0.0.0 /bbs/index.php/Tasks/js/site.js
INFO: [ route_check ] --START--
INFO: CheckRoute Behavior ::run [ RunTime:0.000660s ]
INFO: [ route_check ] --END-- [ RunTime:0.000792s ]
INFO: [ app_begin ] --START--
INFO: ReadHtmlCache Behavior ::run [ RunTime:0.000682s ]
INFO: [ app_begin ] --END-- [ RunTime:0.000787s ]
NOTIC: [8] A session had already been started - ignoring session_start() C:\wamp\www\bbs\ThinkPHP\Common\functions.php 第 566 行.
ERR: 非法操作:js

[ 2015-01-07T07:43:30+08:00 ] 0.0.0.0 /bbs/index.php/Check/index.html
INFO: [ route_check ] --START--
INFO: CheckRoute Behavior ::run [ RunTime:0.000572s ]
INFO: [ route_check ] --END-- [ RunTime:0.000667s ]
INFO: [ app_begin ] --START--
INFO: ReadHtmlCache Behavior ::run [ RunTime:0.000445s ]
INFO: [ app_begin ] --END-- [ RunTime:0.000525s ]
NOTIC: [8] A session had already been started - ignoring session_start() C:\wamp\www\bbs\ThinkPHP\Common\functions.php 第 566 行.
SQL: SHOW COLUMNS FROM `project_login` [ RunTime:0.002156s ]
NOTIC: [8] Undefined index: username C:\wamp\www\bbs\APP\Lib\Action\Home\CheckAction.class.php 第 8 行.
SQL: SELECT `mid` FROM `project_login` WHERE ( username="" ) LIMIT 1   [ RunTime:0.000213s ]
SQL: SHOW COLUMNS FROM `project_temp` [ RunTime:0.001977s ]
SQL: select *from project_temp where mid='' [ RunTime:0.000215s ]
SQL: select *from project_temp where mid='' [ RunTime:0.000211s ]
INFO: [ view_parse ] --START--
INFO: ParseTemplate Behavior ::run [ RunTime:0.008194s ]
INFO: [ view_parse ] --END-- [ RunTime:0.008308s ]
INFO: [ view_filter ] --START--
INFO: ContentReplace Behavior ::run [ RunTime:0.000356s ]
INFO: TokenBuild Behavior ::run [ RunTime:0.000349s ]
INFO: WriteHtmlCache Behavior ::run [ RunTime:0.000247s ]
INFO: ShowRuntime Behavior ::run [ RunTime:0.000406s ]
INFO: [ view_filter ] --END-- [ RunTime:0.001565s ]
INFO: [ view_end ] --START--
INFO: ShowPageTrace Behavior ::run [ RunTime:0.000473s ]
INFO: [ view_end ] --END-- [ RunTime:0.000546s ]

[ 2015-01-07T07:43:31+08:00 ] 0.0.0.0 /bbs/index.php/Messages/index.html
INFO: [ route_check ] --START--
INFO: CheckRoute Behavior ::run [ RunTime:0.000796s ]
INFO: [ route_check ] --END-- [ RunTime:0.000896s ]
INFO: [ app_begin ] --START--
INFO: ReadHtmlCache Behavior ::run [ RunTime:0.000642s ]
INFO: [ app_begin ] --END-- [ RunTime:0.000731s ]
NOTIC: [8] A session had already been started - ignoring session_start() C:\wamp\www\bbs\ThinkPHP\Common\functions.php 第 566 行.
SQL: SHOW COLUMNS FROM `project_login` [ RunTime:0.002308s ]
NOTIC: [8] Undefined index: username C:\wamp\www\bbs\APP\Lib\Action\Home\MessagesAction.class.php 第 8 行.
SQL: SELECT `mid` FROM `project_login` WHERE ( username="" ) LIMIT 1   [ RunTime:0.000221s ]
SQL: SHOW COLUMNS FROM `project_messages` [ RunTime:0.003062s ]
SQL: select *from project_messages where mid='' [ RunTime:0.000233s ]
INFO: [ view_parse ] --START--
NOTIC: [8] Undefined variable: page C:\wamp\www\bbs\APP\Runtime\Cache\Home\d4a5125ada88e9e90d4e5c68512a85dc.php 第 194 行.
NOTIC: [8] Undefined variable: page C:\wamp\www\bbs\APP\Runtime\Cache\Home\d4a5125ada88e9e90d4e5c68512a85dc.php 第 202 行.
INFO: ParseTemplate Behavior ::run [ RunTime:0.008942s ]
INFO: [ view_parse ] --END-- [ RunTime:0.009037s ]
INFO: [ view_filter ] --START--
INFO: ContentReplace Behavior ::run [ RunTime:0.000374s ]
INFO: TokenBuild Behavior ::run [ RunTime:0.000346s ]
INFO: WriteHtmlCache Behavior ::run [ RunTime:0.000257s ]
INFO: ShowRuntime Behavior ::run [ RunTime:0.000407s ]
INFO: [ view_filter ] --END-- [ RunTime:0.001592s ]
INFO: [ view_end ] --START--
INFO: ShowPageTrace Behavior ::run [ RunTime:0.000490s ]
INFO: [ view_end ] --END-- [ RunTime:0.000565s ]

[ 2015-01-07T07:43:32+08:00 ] 0.0.0.0 /bbs/index.php/Files/index.html
INFO: [ route_check ] --START--
INFO: CheckRoute Behavior ::run [ RunTime:0.000829s ]
INFO: [ route_check ] --END-- [ RunTime:0.000937s ]
INFO: [ app_begin ] --START--
INFO: ReadHtmlCache Behavior ::run [ RunTime:0.000622s ]
INFO: [ app_begin ] --END-- [ RunTime:0.000729s ]
NOTIC: [8] A session had already been started - ignoring session_start() C:\wamp\www\bbs\ThinkPHP\Common\functions.php 第 566 行.
SQL: SHOW COLUMNS FROM `project_login` [ RunTime:0.002132s ]
NOTIC: [8] Undefined index: username C:\wamp\www\bbs\APP\Lib\Action\Home\FilesAction.class.php 第 8 行.
SQL: SELECT `mid` FROM `project_login` WHERE ( username="" ) LIMIT 1   [ RunTime:0.000210s ]
SQL: SHOW COLUMNS FROM `project_download` [ RunTime:0.002950s ]
SQL: select *from project_download where mid='' [ RunTime:0.000197s ]
INFO: [ view_parse ] --START--
INFO: ParseTemplate Behavior ::run [ RunTime:0.008671s ]
INFO: [ view_parse ] --END-- [ RunTime:0.008782s ]
INFO: [ view_filter ] --START--
INFO: ContentReplace Behavior ::run [ RunTime:0.000398s ]
INFO: TokenBuild Behavior ::run [ RunTime:0.000355s ]
INFO: WriteHtmlCache Behavior ::run [ RunTime:0.000248s ]
INFO: ShowRuntime Behavior ::run [ RunTime:0.000409s ]
INFO: [ view_filter ] --END-- [ RunTime:0.001618s ]
INFO: [ view_end ] --START--
INFO: ShowPageTrace Behavior ::run [ RunTime:0.000462s ]
INFO: [ view_end ] --END-- [ RunTime:0.000537s ]

[ 2015-01-07T07:43:33+08:00 ] 0.0.0.0 /bbs/index.php/Messages/index.html
INFO: [ route_check ] --START--
INFO: CheckRoute Behavior ::run [ RunTime:0.000598s ]
INFO: [ route_check ] --END-- [ RunTime:0.000692s ]
INFO: [ app_begin ] --START--
INFO: ReadHtmlCache Behavior ::run [ RunTime:0.000432s ]
INFO: [ app_begin ] --END-- [ RunTime:0.000512s ]
NOTIC: [8] A session had already been started - ignoring session_start() C:\wamp\www\bbs\ThinkPHP\Common\functions.php 第 566 行.
SQL: SHOW COLUMNS FROM `project_login` [ RunTime:0.002103s ]
NOTIC: [8] Undefined index: username C:\wamp\www\bbs\APP\Lib\Action\Home\MessagesAction.class.php 第 8 行.
SQL: SELECT `mid` FROM `project_login` WHERE ( username="" ) LIMIT 1   [ RunTime:0.000198s ]
SQL: SHOW COLUMNS FROM `project_messages` [ RunTime:0.001870s ]
SQL: select *from project_messages where mid='' [ RunTime:0.000187s ]
INFO: [ view_parse ] --START--
NOTIC: [8] Undefined variable: page C:\wamp\www\bbs\APP\Runtime\Cache\Home\d4a5125ada88e9e90d4e5c68512a85dc.php 第 194 行.
NOTIC: [8] Undefined variable: page C:\wamp\www\bbs\APP\Runtime\Cache\Home\d4a5125ada88e9e90d4e5c68512a85dc.php 第 202 行.
INFO: ParseTemplate Behavior ::run [ RunTime:0.008110s ]
INFO: [ view_parse ] --END-- [ RunTime:0.008200s ]
INFO: [ view_filter ] --START--
INFO: ContentReplace Behavior ::run [ RunTime:0.000369s ]
INFO: TokenBuild Behavior ::run [ RunTime:0.000350s ]
INFO: WriteHtmlCache Behavior ::run [ RunTime:0.000248s ]
INFO: ShowRuntime Behavior ::run [ RunTime:0.000437s ]
INFO: [ view_filter ] --END-- [ RunTime:0.001611s ]
INFO: [ view_end ] --START--
INFO: ShowPageTrace Behavior ::run [ RunTime:0.000470s ]
INFO: [ view_end ] --END-- [ RunTime:0.000546s ]

[ 2015-01-07T07:43:36+08:00 ] 0.0.0.0 /bbs/index.php/Tasks/index.html
INFO: [ route_check ] --START--
INFO: CheckRoute Behavior ::run [ RunTime:0.001222s ]
INFO: [ route_check ] --END-- [ RunTime:0.001411s ]
INFO: [ app_begin ] --START--
INFO: ReadHtmlCache Behavior ::run [ RunTime:0.000860s ]
INFO: [ app_begin ] --END-- [ RunTime:0.001007s ]
NOTIC: [8] A session had already been started - ignoring session_start() C:\wamp\www\bbs\ThinkPHP\Common\functions.php 第 566 行.
INFO: [ view_parse ] --START--
INFO: ParseTemplate Behavior ::run [ RunTime:0.011344s ]
INFO: [ view_parse ] --END-- [ RunTime:0.011503s ]
INFO: [ view_filter ] --START--
INFO: ContentReplace Behavior ::run [ RunTime:0.000571s ]
INFO: TokenBuild Behavior ::run [ RunTime:0.000490s ]
INFO: WriteHtmlCache Behavior ::run [ RunTime:0.000305s ]
INFO: ShowRuntime Behavior ::run [ RunTime:0.000471s ]
INFO: [ view_filter ] --END-- [ RunTime:0.002108s ]
INFO: [ view_end ] --START--
INFO: ShowPageTrace Behavior ::run [ RunTime:0.000516s ]
INFO: [ view_end ] --END-- [ RunTime:0.000589s ]

[ 2015-01-07T07:43:36+08:00 ] 0.0.0.0 /bbs/index.php/Tasks/js/jquery.min.js
INFO: [ route_check ] --START--
INFO: CheckRoute Behavior ::run [ RunTime:0.001778s ]
INFO: [ route_check ] --END-- [ RunTime:0.002147s ]
INFO: [ app_begin ] --START--
INFO: ReadHtmlCache Behavior ::run [ RunTime:0.000840s ]
INFO: [ app_begin ] --END-- [ RunTime:0.001022s ]
NOTIC: [8] A session had already been started - ignoring session_start() C:\wamp\www\bbs\ThinkPHP\Common\functions.php 第 566 行.
ERR: 非法操作:js

[ 2015-01-07T07:43:36+08:00 ] 0.0.0.0 /bbs/index.php/Tasks/js/bootstrap.min.js
INFO: [ route_check ] --START--
INFO: CheckRoute Behavior ::run [ RunTime:0.000649s ]
INFO: [ route_check ] --END-- [ RunTime:0.000745s ]
INFO: [ app_begin ] --START--
INFO: ReadHtmlCache Behavior ::run [ RunTime:0.000488s ]
INFO: [ app_begin ] --END-- [ RunTime:0.000570s ]
NOTIC: [8] A session had already been started - ignoring session_start() C:\wamp\www\bbs\ThinkPHP\Common\functions.php 第 566 行.
ERR: 非法操作:js

[ 2015-01-07T07:43:36+08:00 ] 0.0.0.0 /bbs/index.php/Tasks/js/site.js
INFO: [ route_check ] --START--
INFO: CheckRoute Behavior ::run [ RunTime:0.000755s ]
INFO: [ route_check ] --END-- [ RunTime:0.000891s ]
INFO: [ app_begin ] --START--
INFO: ReadHtmlCache Behavior ::run [ RunTime:0.000675s ]
INFO: [ app_begin ] --END-- [ RunTime:0.000784s ]
NOTIC: [8] A session had already been started - ignoring session_start() C:\wamp\www\bbs\ThinkPHP\Common\functions.php 第 566 行.
ERR: 非法操作:js

[ 2015-01-07T07:43:38+08:00 ] 0.0.0.0 /bbs/index.php/Check/index.html
INFO: [ route_check ] --START--
INFO: CheckRoute Behavior ::run [ RunTime:0.000881s ]
INFO: [ route_check ] --END-- [ RunTime:0.001012s ]
INFO: [ app_begin ] --START--
INFO: ReadHtmlCache Behavior ::run [ RunTime:0.000557s ]
INFO: [ app_begin ] --END-- [ RunTime:0.000660s ]
NOTIC: [8] A session had already been started - ignoring session_start() C:\wamp\www\bbs\ThinkPHP\Common\functions.php 第 566 行.
SQL: SHOW COLUMNS FROM `project_login` [ RunTime:0.002688s ]
NOTIC: [8] Undefined index: username C:\wamp\www\bbs\APP\Lib\Action\Home\CheckAction.class.php 第 8 行.
SQL: SELECT `mid` FROM `project_login` WHERE ( username="" ) LIMIT 1   [ RunTime:0.000213s ]
SQL: SHOW COLUMNS FROM `project_temp` [ RunTime:0.002310s ]
SQL: select *from project_temp where mid='' [ RunTime:0.000235s ]
SQL: select *from project_temp where mid='' [ RunTime:0.000226s ]
INFO: [ view_parse ] --START--
INFO: ParseTemplate Behavior ::run [ RunTime:0.011368s ]
INFO: [ view_parse ] --END-- [ RunTime:0.011487s ]
INFO: [ view_filter ] --START--
INFO: ContentReplace Behavior ::run [ RunTime:0.000480s ]
INFO: TokenBuild Behavior ::run [ RunTime:0.000369s ]
INFO: WriteHtmlCache Behavior ::run [ RunTime:0.000313s ]
INFO: ShowRuntime Behavior ::run [ RunTime:0.000531s ]
INFO: [ view_filter ] --END-- [ RunTime:0.001983s ]
INFO: [ view_end ] --START--
INFO: ShowPageTrace Behavior ::run [ RunTime:0.000708s ]
INFO: [ view_end ] --END-- [ RunTime:0.000812s ]

[ 2015-01-07T07:43:39+08:00 ] 0.0.0.0 /bbs/index.php/Messages/index.html
INFO: [ route_check ] --START--
INFO: CheckRoute Behavior ::run [ RunTime:0.001135s ]
INFO: [ route_check ] --END-- [ RunTime:0.001353s ]
INFO: [ app_begin ] --START--
INFO: ReadHtmlCache Behavior ::run [ RunTime:0.000783s ]
INFO: [ app_begin ] --END-- [ RunTime:0.000907s ]
NOTIC: [8] A session had already been started - ignoring session_start() C:\wamp\www\bbs\ThinkPHP\Common\functions.php 第 566 行.
SQL: SHOW COLUMNS FROM `project_login` [ RunTime:0.002600s ]
NOTIC: [8] Undefined index: username C:\wamp\www\bbs\APP\Lib\Action\Home\MessagesAction.class.php 第 8 行.
SQL: SELECT `mid` FROM `project_login` WHERE ( username="" ) LIMIT 1   [ RunTime:0.000208s ]
SQL: SHOW COLUMNS FROM `project_messages` [ RunTime:0.002182s ]
SQL: select *from project_messages where mid='' [ RunTime:0.000216s ]
INFO: [ view_parse ] --START--
NOTIC: [8] Undefined variable: page C:\wamp\www\bbs\APP\Runtime\Cache\Home\d4a5125ada88e9e90d4e5c68512a85dc.php 第 194 行.
NOTIC: [8] Undefined variable: page C:\wamp\www\bbs\APP\Runtime\Cache\Home\d4a5125ada88e9e90d4e5c68512a85dc.php 第 202 行.
INFO: ParseTemplate Behavior ::run [ RunTime:0.010987s ]
INFO: [ view_parse ] --END-- [ RunTime:0.011162s ]
INFO: [ view_filter ] --START--
INFO: ContentReplace Behavior ::run [ RunTime:0.000439s ]
INFO: TokenBuild Behavior ::run [ RunTime:0.000350s ]
INFO: WriteHtmlCache Behavior ::run [ RunTime:0.000249s ]
INFO: ShowRuntime Behavior ::run [ RunTime:0.000470s ]
INFO: [ view_filter ] --END-- [ RunTime:0.001760s ]
INFO: [ view_end ] --START--
INFO: ShowPageTrace Behavior ::run [ RunTime:0.000676s ]
INFO: [ view_end ] --END-- [ RunTime:0.000772s ]

[ 2015-01-07T07:44:18+08:00 ] 0.0.0.0 /bbs/index.php/Members/index.html
INFO: [ route_check ] --START--
INFO: CheckRoute Behavior ::run [ RunTime:0.000867s ]
INFO: [ route_check ] --END-- [ RunTime:0.001003s ]
INFO: [ app_begin ] --START--
INFO: ReadHtmlCache Behavior ::run [ RunTime:0.000636s ]
INFO: [ app_begin ] --END-- [ RunTime:0.000755s ]
NOTIC: [8] A session had already been started - ignoring session_start() C:\wamp\www\bbs\ThinkPHP\Common\functions.php 第 566 行.
SQL: SHOW COLUMNS FROM `project_login` [ RunTime:0.002979s ]
NOTIC: [8] Undefined index: username C:\wamp\www\bbs\APP\Lib\Action\Home\MembersAction.class.php 第 8 行.
SQL: SELECT `mid` FROM `project_login` WHERE ( username="" ) LIMIT 1   [ RunTime:0.000277s ]
SQL: SHOW COLUMNS FROM `project_members` [ RunTime:0.003301s ]
SQL: select *from project_members where mid='' [ RunTime:0.000332s ]
SQL: select *from project_members where mid='' [ RunTime:0.000280s ]
INFO: [ view_parse ] --START--
INFO: ParseTemplate Behavior ::run [ RunTime:0.008726s ]
INFO: [ view_parse ] --END-- [ RunTime:0.008824s ]
INFO: [ view_filter ] --START--
INFO: ContentReplace Behavior ::run [ RunTime:0.000393s ]
INFO: TokenBuild Behavior ::run [ RunTime:0.000348s ]
INFO: WriteHtmlCache Behavior ::run [ RunTime:0.000249s ]
INFO: ShowRuntime Behavior ::run [ RunTime:0.000410s ]
INFO: [ view_filter ] --END-- [ RunTime:0.001609s ]
INFO: [ view_end ] --START--
INFO: ShowPageTrace Behavior ::run [ RunTime:0.000484s ]
INFO: [ view_end ] --END-- [ RunTime:0.000559s ]

[ 2015-01-07T07:44:18+08:00 ] 0.0.0.0 /bbs/index.php/Tasks/index.html
INFO: [ route_check ] --START--
INFO: CheckRoute Behavior ::run [ RunTime:0.001144s ]
INFO: [ route_check ] --END-- [ RunTime:0.001360s ]
INFO: [ app_begin ] --START--
INFO: ReadHtmlCache Behavior ::run [ RunTime:0.000707s ]
INFO: [ app_begin ] --END-- [ RunTime:0.000882s ]
NOTIC: [8] A session had already been started - ignoring session_start() C:\wamp\www\bbs\ThinkPHP\Common\functions.php 第 566 行.
INFO: [ view_parse ] --START--
INFO: ParseTemplate Behavior ::run [ RunTime:0.008633s ]
INFO: [ view_parse ] --END-- [ RunTime:0.008757s ]
INFO: [ view_filter ] --START--
INFO: ContentReplace Behavior ::run [ RunTime:0.000450s ]
INFO: TokenBuild Behavior ::run [ RunTime:0.000354s ]
INFO: WriteHtmlCache Behavior ::run [ RunTime:0.000244s ]
INFO: ShowRuntime Behavior ::run [ RunTime:0.000460s ]
INFO: [ view_filter ] --END-- [ RunTime:0.001737s ]
INFO: [ view_end ] --START--
INFO: ShowPageTrace Behavior ::run [ RunTime:0.000676s ]
INFO: [ view_end ] --END-- [ RunTime:0.000751s ]

[ 2015-01-07T07:44:18+08:00 ] 0.0.0.0 /bbs/index.php/Tasks/js/jquery.min.js
INFO: [ route_check ] --START--
INFO: CheckRoute Behavior ::run [ RunTime:0.000714s ]
INFO: [ route_check ] --END-- [ RunTime:0.000855s ]
INFO: [ app_begin ] --START--
INFO: ReadHtmlCache Behavior ::run [ RunTime:0.000471s ]
INFO: [ app_begin ] --END-- [ RunTime:0.000555s ]
NOTIC: [8] A session had already been started - ignoring session_start() C:\wamp\www\bbs\ThinkPHP\Common\functions.php 第 566 行.
ERR: 非法操作:js

[ 2015-01-07T07:44:18+08:00 ] 0.0.0.0 /bbs/index.php/Tasks/js/bootstrap.min.js
INFO: [ route_check ] --START--
INFO: CheckRoute Behavior ::run [ RunTime:0.000652s ]
INFO: [ route_check ] --END-- [ RunTime:0.000757s ]
INFO: [ app_begin ] --START--
INFO: ReadHtmlCache Behavior ::run [ RunTime:0.000436s ]
INFO: [ app_begin ] --END-- [ RunTime:0.000516s ]
NOTIC: [8] A session had already been started - ignoring session_start() C:\wamp\www\bbs\ThinkPHP\Common\functions.php 第 566 行.
ERR: 非法操作:js

[ 2015-01-07T07:44:18+08:00 ] 0.0.0.0 /bbs/index.php/Tasks/js/site.js
INFO: [ route_check ] --START--
INFO: CheckRoute Behavior ::run [ RunTime:0.000837s ]
INFO: [ route_check ] --END-- [ RunTime:0.000976s ]
INFO: [ app_begin ] --START--
INFO: ReadHtmlCache Behavior ::run [ RunTime:0.000438s ]
INFO: [ app_begin ] --END-- [ RunTime:0.000516s ]
NOTIC: [8] A session had already been started - ignoring session_start() C:\wamp\www\bbs\ThinkPHP\Common\functions.php 第 566 行.
ERR: 非法操作:js

[ 2015-01-07T07:44:19+08:00 ] 0.0.0.0 /bbs/index.php/Check/index.html
INFO: [ route_check ] --START--
INFO: CheckRoute Behavior ::run [ RunTime:0.001243s ]
INFO: [ route_check ] --END-- [ RunTime:0.001432s ]
INFO: [ app_begin ] --START--
INFO: ReadHtmlCache Behavior ::run [ RunTime:0.000824s ]
INFO: [ app_begin ] --END-- [ RunTime:0.000943s ]
NOTIC: [8] A session had already been started - ignoring session_start() C:\wamp\www\bbs\ThinkPHP\Common\functions.php 第 566 行.
SQL: SHOW COLUMNS FROM `project_login` [ RunTime:0.003351s ]
NOTIC: [8] Undefined index: username C:\wamp\www\bbs\APP\Lib\Action\Home\CheckAction.class.php 第 8 行.
SQL: SELECT `mid` FROM `project_login` WHERE ( username="" ) LIMIT 1   [ RunTime:0.000305s ]
SQL: SHOW COLUMNS FROM `project_temp` [ RunTime:0.002936s ]
SQL: select *from project_temp where mid='' [ RunTime:0.000312s ]
SQL: select *from project_temp where mid='' [ RunTime:0.000290s ]
INFO: [ view_parse ] --START--
INFO: ParseTemplate Behavior ::run [ RunTime:0.012139s ]
INFO: [ view_parse ] --END-- [ RunTime:0.012272s ]
INFO: [ view_filter ] --START--
INFO: ContentReplace Behavior ::run [ RunTime:0.000550s ]
INFO: TokenBuild Behavior ::run [ RunTime:0.000521s ]
INFO: WriteHtmlCache Behavior ::run [ RunTime:0.000370s ]
INFO: ShowRuntime Behavior ::run [ RunTime:0.000609s ]
INFO: [ view_filter ] --END-- [ RunTime:0.002366s ]
INFO: [ view_end ] --START--
INFO: ShowPageTrace Behavior ::run [ RunTime:0.000703s ]
INFO: [ view_end ] --END-- [ RunTime:0.000814s ]

[ 2015-01-07T07:44:20+08:00 ] 0.0.0.0 /bbs/index.php/Messages/index.html
INFO: [ route_check ] --START--
INFO: CheckRoute Behavior ::run [ RunTime:0.001245s ]
INFO: [ route_check ] --END-- [ RunTime:0.001478s ]
INFO: [ app_begin ] --START--
INFO: ReadHtmlCache Behavior ::run [ RunTime:0.000810s ]
INFO: [ app_begin ] --END-- [ RunTime:0.000928s ]
NOTIC: [8] A session had already been started - ignoring session_start() C:\wamp\www\bbs\ThinkPHP\Common\functions.php 第 566 行.
SQL: SHOW COLUMNS FROM `project_login` [ RunTime:0.002989s ]
NOTIC: [8] Undefined index: username C:\wamp\www\bbs\APP\Lib\Action\Home\MessagesAction.class.php 第 8 行.
SQL: SELECT `mid` FROM `project_login` WHERE ( username="" ) LIMIT 1   [ RunTime:0.000280s ]
SQL: SHOW COLUMNS FROM `project_messages` [ RunTime:0.002997s ]
SQL: select *from project_messages where mid='' [ RunTime:0.000274s ]
INFO: [ view_parse ] --START--
NOTIC: [8] Undefined variable: page C:\wamp\www\bbs\APP\Runtime\Cache\Home\d4a5125ada88e9e90d4e5c68512a85dc.php 第 194 行.
NOTIC: [8] Undefined variable: page C:\wamp\www\bbs\APP\Runtime\Cache\Home\d4a5125ada88e9e90d4e5c68512a85dc.php 第 202 行.
INFO: ParseTemplate Behavior ::run [ RunTime:0.011686s ]
INFO: [ view_parse ] --END-- [ RunTime:0.011819s ]
INFO: [ view_filter ] --START--
INFO: ContentReplace Behavior ::run [ RunTime:0.000555s ]
INFO: TokenBuild Behavior ::run [ RunTime:0.000518s ]
INFO: WriteHtmlCache Behavior ::run [ RunTime:0.000369s ]
INFO: ShowRuntime Behavior ::run [ RunTime:0.000607s ]
INFO: [ view_filter ] --END-- [ RunTime:0.002357s ]
INFO: [ view_end ] --START--
INFO: ShowPageTrace Behavior ::run [ RunTime:0.000726s ]
INFO: [ view_end ] --END-- [ RunTime:0.000836s ]

[ 2015-01-07T07:44:21+08:00 ] 0.0.0.0 /bbs/index.php/Files/index.html
INFO: [ route_check ] --START--
INFO: CheckRoute Behavior ::run [ RunTime:0.000815s ]
INFO: [ route_check ] --END-- [ RunTime:0.000952s ]
INFO: [ app_begin ] --START--
INFO: ReadHtmlCache Behavior ::run [ RunTime:0.000542s ]
INFO: [ app_begin ] --END-- [ RunTime:0.000624s ]
NOTIC: [8] A session had already been started - ignoring session_start() C:\wamp\www\bbs\ThinkPHP\Common\functions.php 第 566 行.
SQL: SHOW COLUMNS FROM `project_login` [ RunTime:0.002670s ]
NOTIC: [8] Undefined index: username C:\wamp\www\bbs\APP\Lib\Action\Home\FilesAction.class.php 第 8 行.
SQL: SELECT `mid` FROM `project_login` WHERE ( username="" ) LIMIT 1   [ RunTime:0.000211s ]
SQL: SHOW COLUMNS FROM `project_download` [ RunTime:0.002188s ]
SQL: select *from project_download where mid='' [ RunTime:0.000191s ]
INFO: [ view_parse ] --START--
INFO: ParseTemplate Behavior ::run [ RunTime:0.008535s ]
INFO: [ view_parse ] --END-- [ RunTime:0.008673s ]
INFO: [ view_filter ] --START--
INFO: ContentReplace Behavior ::run [ RunTime:0.000413s ]
INFO: TokenBuild Behavior ::run [ RunTime:0.000352s ]
INFO: WriteHtmlCache Behavior ::run [ RunTime:0.000249s ]
INFO: ShowRuntime Behavior ::run [ RunTime:0.000406s ]
INFO: [ view_filter ] --END-- [ RunTime:0.001629s ]
INFO: [ view_end ] --START--
INFO: ShowPageTrace Behavior ::run [ RunTime:0.000455s ]
INFO: [ view_end ] --END-- [ RunTime:0.000528s ]

[ 2015-01-07T07:44:24+08:00 ] 0.0.0.0 /bbs/index.php/Profile/index.html
INFO: [ route_check ] --START--
INFO: CheckRoute Behavior ::run [ RunTime:0.000842s ]
INFO: [ route_check ] --END-- [ RunTime:0.000976s ]
INFO: [ app_begin ] --START--
INFO: ReadHtmlCache Behavior ::run [ RunTime:0.000636s ]
INFO: [ app_begin ] --END-- [ RunTime:0.000753s ]
NOTIC: [8] A session had already been started - ignoring session_start() C:\wamp\www\bbs\ThinkPHP\Common\functions.php 第 566 行.
NOTIC: [8] Undefined index: username C:\wamp\www\bbs\APP\Lib\Action\Home\ProfileAction.class.php 第 8 行.
SQL: SHOW COLUMNS FROM `project_members` [ RunTime:0.003149s ]
SQL: select *from project_members where username='' [ RunTime:0.000446s ]
SQL: select *from project_members where username='' [ RunTime:0.000383s ]
INFO: [ view_parse ] --START--
INFO: ParseTemplate Behavior ::run [ RunTime:0.013519s ]
INFO: [ view_parse ] --END-- [ RunTime:0.013669s ]
INFO: [ view_filter ] --START--
INFO: ContentReplace Behavior ::run [ RunTime:0.000661s ]
INFO: TokenBuild Behavior ::run [ RunTime:0.000536s ]
INFO: WriteHtmlCache Behavior ::run [ RunTime:0.000372s ]
INFO: ShowRuntime Behavior ::run [ RunTime:0.000666s ]
INFO: [ view_filter ] --END-- [ RunTime:0.002560s ]
INFO: [ view_end ] --START--
INFO: ShowPageTrace Behavior ::run [ RunTime:0.000731s ]
INFO: [ view_end ] --END-- [ RunTime:0.000857s ]

[ 2015-01-07T07:44:24+08:00 ] 0.0.0.0 /bbs/index.php/Profile/js/jquery.min.js
INFO: [ route_check ] --START--
INFO: CheckRoute Behavior ::run [ RunTime:0.001305s ]
INFO: [ route_check ] --END-- [ RunTime:0.001523s ]
INFO: [ app_begin ] --START--
INFO: ReadHtmlCache Behavior ::run [ RunTime:0.001227s ]
INFO: [ app_begin ] --END-- [ RunTime:0.001407s ]
NOTIC: [8] A session had already been started - ignoring session_start() C:\wamp\www\bbs\ThinkPHP\Common\functions.php 第 566 行.
ERR: 非法操作:js

[ 2015-01-07T07:44:24+08:00 ] 0.0.0.0 /bbs/index.php/Profile/js/bootstrap.min.js
INFO: [ route_check ] --START--
INFO: CheckRoute Behavior ::run [ RunTime:0.000585s ]
INFO: [ route_check ] --END-- [ RunTime:0.000673s ]
INFO: [ app_begin ] --START--
INFO: ReadHtmlCache Behavior ::run [ RunTime:0.000552s ]
INFO: [ app_begin ] --END-- [ RunTime:0.000632s ]
NOTIC: [8] A session had already been started - ignoring session_start() C:\wamp\www\bbs\ThinkPHP\Common\functions.php 第 566 行.
ERR: 非法操作:js

[ 2015-01-07T07:44:24+08:00 ] 0.0.0.0 /bbs/index.php/Profile/js/site.js
INFO: [ route_check ] --START--
INFO: CheckRoute Behavior ::run [ RunTime:0.000625s ]
INFO: [ route_check ] --END-- [ RunTime:0.000714s ]
INFO: [ app_begin ] --START--
INFO: ReadHtmlCache Behavior ::run [ RunTime:0.000441s ]
INFO: [ app_begin ] --END-- [ RunTime:0.000521s ]
NOTIC: [8] A session had already been started - ignoring session_start() C:\wamp\www\bbs\ThinkPHP\Common\functions.php 第 566 行.
ERR: 非法操作:js

[ 2015-01-07T07:44:35+08:00 ] 0.0.0.0 /bbs/index.php/Profile/index.html
INFO: [ route_check ] --START--
INFO: CheckRoute Behavior ::run [ RunTime:0.000988s ]
INFO: [ route_check ] --END-- [ RunTime:0.001143s ]
INFO: [ app_begin ] --START--
INFO: ReadHtmlCache Behavior ::run [ RunTime:0.000714s ]
INFO: [ app_begin ] --END-- [ RunTime:0.000830s ]
NOTIC: [8] A session had already been started - ignoring session_start() C:\wamp\www\bbs\ThinkPHP\Common\functions.php 第 566 行.
NOTIC: [8] Undefined index: username C:\wamp\www\bbs\APP\Lib\Action\Home\ProfileAction.class.php 第 8 行.
SQL: SHOW COLUMNS FROM `project_members` [ RunTime:0.003082s ]
SQL: select *from project_members where username='' [ RunTime:0.000379s ]
SQL: select *from project_members where username='' [ RunTime:0.000339s ]
INFO: [ view_parse ] --START--
INFO: ParseTemplate Behavior ::run [ RunTime:0.008588s ]
INFO: [ view_parse ] --END-- [ RunTime:0.008701s ]
INFO: [ view_filter ] --START--
INFO: ContentReplace Behavior ::run [ RunTime:0.000449s ]
INFO: TokenBuild Behavior ::run [ RunTime:0.000358s ]
INFO: WriteHtmlCache Behavior ::run [ RunTime:0.000247s ]
INFO: ShowRuntime Behavior ::run [ RunTime:0.000419s ]
INFO: [ view_filter ] --END-- [ RunTime:0.001686s ]
INFO: [ view_end ] --START--
INFO: ShowPageTrace Behavior ::run [ RunTime:0.000454s ]
INFO: [ view_end ] --END-- [ RunTime:0.000529s ]

[ 2015-01-07T07:44:35+08:00 ] 0.0.0.0 /bbs/index.php/Profile/js/jquery.min.js
INFO: [ route_check ] --START--
INFO: CheckRoute Behavior ::run [ RunTime:0.000755s ]
INFO: [ route_check ] --END-- [ RunTime:0.000886s ]
INFO: [ app_begin ] --START--
INFO: ReadHtmlCache Behavior ::run [ RunTime:0.000626s ]
INFO: [ app_begin ] --END-- [ RunTime:0.000719s ]
NOTIC: [8] A session had already been started - ignoring session_start() C:\wamp\www\bbs\ThinkPHP\Common\functions.php 第 566 行.
ERR: 非法操作:js

[ 2015-01-07T07:44:35+08:00 ] 0.0.0.0 /bbs/index.php/Profile/js/bootstrap.min.js
INFO: [ route_check ] --START--
INFO: CheckRoute Behavior ::run [ RunTime:0.000604s ]
INFO: [ route_check ] --END-- [ RunTime:0.000718s ]
INFO: [ app_begin ] --START--
INFO: ReadHtmlCache Behavior ::run [ RunTime:0.000504s ]
INFO: [ app_begin ] --END-- [ RunTime:0.000607s ]
NOTIC: [8] A session had already been started - ignoring session_start() C:\wamp\www\bbs\ThinkPHP\Common\functions.php 第 566 行.
ERR: 非法操作:js

[ 2015-01-07T07:44:35+08:00 ] 0.0.0.0 /bbs/index.php/Profile/js/site.js
INFO: [ route_check ] --START--
INFO: CheckRoute Behavior ::run [ RunTime:0.000937s ]
INFO: [ route_check ] --END-- [ RunTime:0.001081s ]
INFO: [ app_begin ] --START--
INFO: ReadHtmlCache Behavior ::run [ RunTime:0.000831s ]
INFO: [ app_begin ] --END-- [ RunTime:0.000987s ]
NOTIC: [8] A session had already been started - ignoring session_start() C:\wamp\www\bbs\ThinkPHP\Common\functions.php 第 566 行.
ERR: 非法操作:js

[ 2015-01-07T07:44:40+08:00 ] 0.0.0.0 /bbs/index.php/Members/index.html
INFO: [ route_check ] --START--
INFO: CheckRoute Behavior ::run [ RunTime:0.000848s ]
INFO: [ route_check ] --END-- [ RunTime:0.000982s ]
INFO: [ app_begin ] --START--
INFO: ReadHtmlCache Behavior ::run [ RunTime:0.000645s ]
INFO: [ app_begin ] --END-- [ RunTime:0.000767s ]
NOTIC: [8] A session had already been started - ignoring session_start() C:\wamp\www\bbs\ThinkPHP\Common\functions.php 第 566 行.
SQL: SHOW COLUMNS FROM `project_login` [ RunTime:0.002735s ]
NOTIC: [8] Undefined index: username C:\wamp\www\bbs\APP\Lib\Action\Home\MembersAction.class.php 第 8 行.
SQL: SELECT `mid` FROM `project_login` WHERE ( username="" ) LIMIT 1   [ RunTime:0.000257s ]
SQL: SHOW COLUMNS FROM `project_members` [ RunTime:0.002454s ]
SQL: select *from project_members where mid='' [ RunTime:0.000267s ]
SQL: select *from project_members where mid='' [ RunTime:0.000245s ]
INFO: [ view_parse ] --START--
INFO: ParseTemplate Behavior ::run [ RunTime:0.008819s ]
INFO: [ view_parse ] --END-- [ RunTime:0.008908s ]
INFO: [ view_filter ] --START--
INFO: ContentReplace Behavior ::run [ RunTime:0.000389s ]
INFO: TokenBuild Behavior ::run [ RunTime:0.000364s ]
INFO: WriteHtmlCache Behavior ::run [ RunTime:0.000253s ]
INFO: ShowRuntime Behavior ::run [ RunTime:0.000415s ]
INFO: [ view_filter ] --END-- [ RunTime:0.001630s ]
INFO: [ view_end ] --START--
INFO: ShowPageTrace Behavior ::run [ RunTime:0.000514s ]
INFO: [ view_end ] --END-- [ RunTime:0.000592s ]

[ 2015-01-07T07:44:42+08:00 ] 0.0.0.0 /bbs/index.php/Home/Singleshow/index/id/1
INFO: [ route_check ] --START--
INFO: CheckRoute Behavior ::run [ RunTime:0.001191s ]
INFO: [ route_check ] --END-- [ RunTime:0.001375s ]
INFO: [ app_begin ] --START--
INFO: ReadHtmlCache Behavior ::run [ RunTime:0.000770s ]
INFO: [ app_begin ] --END-- [ RunTime:0.000909s ]
NOTIC: [8] A session had already been started - ignoring session_start() C:\wamp\www\bbs\ThinkPHP\Common\functions.php 第 566 行.
SQL: SHOW COLUMNS FROM `project_members` [ RunTime:0.002610s ]
SQL: select *from project_members where id=1 order by id desc limit 1 [ RunTime:0.000540s ]
INFO: [ view_parse ] --START--
INFO: ParseTemplate Behavior ::run [ RunTime:0.011920s ]
INFO: [ view_parse ] --END-- [ RunTime:0.012065s ]
INFO: [ view_filter ] --START--
INFO: ContentReplace Behavior ::run [ RunTime:0.000402s ]
INFO: TokenBuild Behavior ::run [ RunTime:0.000363s ]
INFO: WriteHtmlCache Behavior ::run [ RunTime:0.000258s ]
INFO: ShowRuntime Behavior ::run [ RunTime:0.000417s ]
INFO: [ view_filter ] --END-- [ RunTime:0.001653s ]
INFO: [ view_end ] --START--
INFO: ShowPageTrace Behavior ::run [ RunTime:0.000481s ]
INFO: [ view_end ] --END-- [ RunTime:0.000555s ]

[ 2015-01-07T07:45:51+08:00 ] 0.0.0.0 /bbs/
INFO: [ app_begin ] --START--
INFO: ReadHtmlCache Behavior ::run [ RunTime:0.000952s ]
INFO: [ app_begin ] --END-- [ RunTime:0.001100s ]
NOTIC: [8] A session had already been started - ignoring session_start() C:\wamp\www\bbs\ThinkPHP\Common\functions.php 第 566 行.
NOTIC: [2048] Declaration of IndexAction::show() should be compatible with that of Action::show() C:\wamp\www\bbs\APP\Lib\Action\Home\IndexAction.class.php 第 78 行.
SQL: SHOW COLUMNS FROM `project_login` [ RunTime:0.003054s ]
SQL: SELECT * FROM `project_login`  [ RunTime:0.000247s ]
INFO: [ view_parse ] --START--
NOTIC: [8] Undefined index: sex C:\wamp\www\bbs\APP\Runtime\Cache\Home\36547c3cca62684d03e43575b05925a2.php 第 199 行.
NOTIC: [8] Undefined index: sex C:\wamp\www\bbs\APP\Runtime\Cache\Home\36547c3cca62684d03e43575b05925a2.php 第 199 行.
NOTIC: [8] Undefined index: sex C:\wamp\www\bbs\APP\Runtime\Cache\Home\36547c3cca62684d03e43575b05925a2.php 第 199 行.
NOTIC: [8] Undefined index: sex C:\wamp\www\bbs\APP\Runtime\Cache\Home\36547c3cca62684d03e43575b05925a2.php 第 199 行.
NOTIC: [8] Undefined index: sex C:\wamp\www\bbs\APP\Runtime\Cache\Home\36547c3cca62684d03e43575b05925a2.php 第 199 行.
NOTIC: [8] Undefined index: sex C:\wamp\www\bbs\APP\Runtime\Cache\Home\36547c3cca62684d03e43575b05925a2.php 第 199 行.
NOTIC: [8] Undefined index: sex C:\wamp\www\bbs\APP\Runtime\Cache\Home\36547c3cca62684d03e43575b05925a2.php 第 199 行.
INFO: ParseTemplate Behavior ::run [ RunTime:0.008950s ]
INFO: [ view_parse ] --END-- [ RunTime:0.009045s ]
INFO: [ view_filter ] --START--
INFO: ContentReplace Behavior ::run [ RunTime:0.000473s ]
INFO: TokenBuild Behavior ::run [ RunTime:0.000450s ]
INFO: WriteHtmlCache Behavior ::run [ RunTime:0.000302s ]
INFO: ShowRuntime Behavior ::run [ RunTime:0.000463s ]
INFO: [ view_filter ] --END-- [ RunTime:0.001924s ]
INFO: [ view_end ] --START--
INFO: ShowPageTrace Behavior ::run [ RunTime:0.000507s ]
INFO: [ view_end ] --END-- [ RunTime:0.000579s ]

[ 2015-01-07T07:45:55+08:00 ] 0.0.0.0 /bbs/index.php/Login/index
INFO: [ route_check ] --START--
INFO: CheckRoute Behavior ::run [ RunTime:0.000866s ]
INFO: [ route_check ] --END-- [ RunTime:0.001024s ]
INFO: [ app_begin ] --START--
INFO: ReadHtmlCache Behavior ::run [ RunTime:0.000520s ]
INFO: [ app_begin ] --END-- [ RunTime:0.000601s ]
NOTIC: [8] A session had already been started - ignoring session_start() C:\wamp\www\bbs\ThinkPHP\Common\functions.php 第 566 行.
INFO: [ view_parse ] --START--
INFO: ParseTemplate Behavior ::run [ RunTime:0.023310s ]
INFO: [ view_parse ] --END-- [ RunTime:0.023677s ]
INFO: [ view_filter ] --START--
INFO: ContentReplace Behavior ::run [ RunTime:0.001579s ]
INFO: TokenBuild Behavior ::run [ RunTime:0.001612s ]
INFO: WriteHtmlCache Behavior ::run [ RunTime:0.001167s ]
INFO: ShowRuntime Behavior ::run [ RunTime:0.001800s ]
INFO: [ view_filter ] --END-- [ RunTime:0.006938s ]
INFO: [ view_end ] --START--
INFO: ShowPageTrace Behavior ::run [ RunTime:0.002259s ]
INFO: [ view_end ] --END-- [ RunTime:0.002600s ]

[ 2015-01-07T07:45:56+08:00 ] 0.0.0.0 /bbs/index.php/Login/index
INFO: [ route_check ] --START--
INFO: CheckRoute Behavior ::run [ RunTime:0.001228s ]
INFO: [ route_check ] --END-- [ RunTime:0.001421s ]
INFO: [ app_begin ] --START--
INFO: ReadHtmlCache Behavior ::run [ RunTime:0.000906s ]
INFO: [ app_begin ] --END-- [ RunTime:0.001058s ]
NOTIC: [8] A session had already been started - ignoring session_start() C:\wamp\www\bbs\ThinkPHP\Common\functions.php 第 566 行.
INFO: [ view_parse ] --START--
INFO: ParseTemplate Behavior ::run [ RunTime:0.008108s ]
INFO: [ view_parse ] --END-- [ RunTime:0.008246s ]
INFO: [ view_filter ] --START--
INFO: ContentReplace Behavior ::run [ RunTime:0.000547s ]
INFO: TokenBuild Behavior ::run [ RunTime:0.000444s ]
INFO: WriteHtmlCache Behavior ::run [ RunTime:0.000294s ]
INFO: ShowRuntime Behavior ::run [ RunTime:0.000658s ]
INFO: [ view_filter ] --END-- [ RunTime:0.002291s ]
INFO: [ view_end ] --START--
INFO: ShowPageTrace Behavior ::run [ RunTime:0.001034s ]
INFO: [ view_end ] --END-- [ RunTime:0.001174s ]

[ 2015-01-07T07:46:01+08:00 ] 0.0.0.0 /bbs/index.php/Login/do_login
INFO: [ route_check ] --START--
INFO: CheckRoute Behavior ::run [ RunTime:0.000886s ]
INFO: [ route_check ] --END-- [ RunTime:0.001031s ]
INFO: [ app_begin ] --START--
INFO: ReadHtmlCache Behavior ::run [ RunTime:0.000489s ]
INFO: [ app_begin ] --END-- [ RunTime:0.000569s ]
NOTIC: [8] A session had already been started - ignoring session_start() C:\wamp\www\bbs\ThinkPHP\Common\functions.php 第 566 行.
SQL: SHOW COLUMNS FROM `project_login` [ RunTime:0.002040s ]
SQL: SELECT * FROM `project_login` WHERE ( username="li" ) LIMIT 1   [ RunTime:0.000248s ]
SQL: SELECT * FROM `project_login` WHERE ( password="12345" ) LIMIT 1   [ RunTime:0.000177s ]
SQL: SELECT `IsAdmin` FROM `project_login` WHERE ( username="li" ) LIMIT 1   [ RunTime:0.000156s ]
SQL: SELECT `IsSystem` FROM `project_login` WHERE ( username="li" ) LIMIT 1   [ RunTime:0.000155s ]
SQL: SELECT `IsMember` FROM `project_login` WHERE ( username="li" ) LIMIT 1   [ RunTime:0.000136s ]

[ 2015-01-07T07:46:01+08:00 ] 0.0.0.0 /bbs/index.php/System/Index/index.html
INFO: [ route_check ] --START--
INFO: CheckRoute Behavior ::run [ RunTime:0.000567s ]
INFO: [ route_check ] --END-- [ RunTime:0.000660s ]
INFO: [ app_begin ] --START--
INFO: ReadHtmlCache Behavior ::run [ RunTime:0.000459s ]
INFO: [ app_begin ] --END-- [ RunTime:0.000536s ]
NOTIC: [8] A session had already been started - ignoring session_start() C:\wamp\www\bbs\ThinkPHP\Common\functions.php 第 566 行.
INFO: [ view_parse ] --START--
NOTIC: [8] Undefined variable: login C:\wamp\www\bbs\APP\Runtime\Cache\System\40f3148b8febce5614ec2cfe6855e420.php 第 194 行.
INFO: ParseTemplate Behavior ::run [ RunTime:0.009993s ]
INFO: [ view_parse ] --END-- [ RunTime:0.010096s ]
INFO: [ view_filter ] --START--
INFO: ContentReplace Behavior ::run [ RunTime:0.000450s ]
INFO: TokenBuild Behavior ::run [ RunTime:0.000417s ]
INFO: WriteHtmlCache Behavior ::run [ RunTime:0.000322s ]
INFO: ShowRuntime Behavior ::run [ RunTime:0.000478s ]
INFO: [ view_filter ] --END-- [ RunTime:0.001879s ]
INFO: [ view_end ] --START--
INFO: ShowPageTrace Behavior ::run [ RunTime:0.000540s ]
INFO: [ view_end ] --END-- [ RunTime:0.000616s ]

[ 2015-01-07T07:46:01+08:00 ] 0.0.0.0 /bbs/index.php/System/Index/js/jquery.min.js
INFO: [ route_check ] --START--
INFO: CheckRoute Behavior ::run [ RunTime:0.001272s ]
INFO: [ route_check ] --END-- [ RunTime:0.001492s ]
INFO: [ app_begin ] --START--
INFO: ReadHtmlCache Behavior ::run [ RunTime:0.000585s ]
INFO: [ app_begin ] --END-- [ RunTime:0.000704s ]
NOTIC: [8] A session had already been started - ignoring session_start() C:\wamp\www\bbs\ThinkPHP\Common\functions.php 第 566 行.
ERR: 非法操作:js

[ 2015-01-07T07:46:01+08:00 ] 0.0.0.0 /bbs/index.php/System/Index/js/bootstrap.min.js
INFO: [ route_check ] --START--
INFO: CheckRoute Behavior ::run [ RunTime:0.001027s ]
INFO: [ route_check ] --END-- [ RunTime:0.001127s ]
INFO: [ app_begin ] --START--
INFO: ReadHtmlCache Behavior ::run [ RunTime:0.001178s ]
INFO: [ app_begin ] --END-- [ RunTime:0.001334s ]
NOTIC: [8] A session had already been started - ignoring session_start() C:\wamp\www\bbs\ThinkPHP\Common\functions.php 第 566 行.
ERR: 非法操作:js

[ 2015-01-07T07:46:01+08:00 ] 0.0.0.0 /bbs/index.php/System/Index/js/site.js
INFO: [ route_check ] --START--
INFO: CheckRoute Behavior ::run [ RunTime:0.000562s ]
INFO: [ route_check ] --END-- [ RunTime:0.000649s ]
INFO: [ app_begin ] --START--
INFO: ReadHtmlCache Behavior ::run [ RunTime:0.001078s ]
INFO: [ app_begin ] --END-- [ RunTime:0.001204s ]
NOTIC: [8] A session had already been started - ignoring session_start() C:\wamp\www\bbs\ThinkPHP\Common\functions.php 第 566 行.
ERR: 非法操作:js

[ 2015-01-07T07:46:07+08:00 ] 0.0.0.0 /bbs/index.php/
INFO: [ route_check ] --START--
INFO: CheckRoute Behavior ::run [ RunTime:0.001010s ]
INFO: [ route_check ] --END-- [ RunTime:0.001165s ]
INFO: [ app_begin ] --START--
INFO: ReadHtmlCache Behavior ::run [ RunTime:0.000724s ]
INFO: [ app_begin ] --END-- [ RunTime:0.000813s ]
NOTIC: [8] A session had already been started - ignoring session_start() C:\wamp\www\bbs\ThinkPHP\Common\functions.php 第 566 行.
NOTIC: [2048] Declaration of IndexAction::show() should be compatible with that of Action::show() C:\wamp\www\bbs\APP\Lib\Action\Home\IndexAction.class.php 第 78 行.
SQL: SHOW COLUMNS FROM `project_login` [ RunTime:0.003168s ]
SQL: SELECT * FROM `project_login`  [ RunTime:0.000291s ]
INFO: [ view_parse ] --START--
NOTIC: [8] Undefined index: sex C:\wamp\www\bbs\APP\Runtime\Cache\Home\36547c3cca62684d03e43575b05925a2.php 第 199 行.
NOTIC: [8] Undefined index: sex C:\wamp\www\bbs\APP\Runtime\Cache\Home\36547c3cca62684d03e43575b05925a2.php 第 199 行.
NOTIC: [8] Undefined index: sex C:\wamp\www\bbs\APP\Runtime\Cache\Home\36547c3cca62684d03e43575b05925a2.php 第 199 行.
NOTIC: [8] Undefined index: sex C:\wamp\www\bbs\APP\Runtime\Cache\Home\36547c3cca62684d03e43575b05925a2.php 第 199 行.
NOTIC: [8] Undefined index: sex C:\wamp\www\bbs\APP\Runtime\Cache\Home\36547c3cca62684d03e43575b05925a2.php 第 199 行.
NOTIC: [8] Undefined index: sex C:\wamp\www\bbs\APP\Runtime\Cache\Home\36547c3cca62684d03e43575b05925a2.php 第 199 行.
NOTIC: [8] Undefined index: sex C:\wamp\www\bbs\APP\Runtime\Cache\Home\36547c3cca62684d03e43575b05925a2.php 第 199 行.
INFO: ParseTemplate Behavior ::run [ RunTime:0.011286s ]
INFO: [ view_parse ] --END-- [ RunTime:0.011423s ]
INFO: [ view_filter ] --START--
INFO: ContentReplace Behavior ::run [ RunTime:0.000498s ]
INFO: TokenBuild Behavior ::run [ RunTime:0.000421s ]
INFO: WriteHtmlCache Behavior ::run [ RunTime:0.000320s ]
INFO: ShowRuntime Behavior ::run [ RunTime:0.000593s ]
INFO: [ view_filter ] --END-- [ RunTime:0.002060s ]
INFO: [ view_end ] --START--
INFO: ShowPageTrace Behavior ::run [ RunTime:0.000652s ]
INFO: [ view_end ] --END-- [ RunTime:0.000757s ]

[ 2015-01-07T07:46:07+08:00 ] 0.0.0.0 /bbs/index.php/js/jquery.min.js
INFO: [ route_check ] --START--
INFO: CheckRoute Behavior ::run [ RunTime:0.000827s ]
INFO: [ route_check ] --END-- [ RunTime:0.000988s ]
INFO: [ app_begin ] --START--
INFO: ReadHtmlCache Behavior ::run [ RunTime:0.000653s ]
INFO: [ app_begin ] --END-- [ RunTime:0.000782s ]
NOTIC: [8] A session had already been started - ignoring session_start() C:\wamp\www\bbs\ThinkPHP\Common\functions.php 第 566 行.
ERR: 无法加载模块:js

[ 2015-01-07T07:46:07+08:00 ] 0.0.0.0 /bbs/index.php/js/bootstrap.min.js
INFO: [ route_check ] --START--
INFO: CheckRoute Behavior ::run [ RunTime:0.001048s ]
INFO: [ route_check ] --END-- [ RunTime:0.001199s ]
INFO: [ app_begin ] --START--
INFO: ReadHtmlCache Behavior ::run [ RunTime:0.000681s ]
INFO: [ app_begin ] --END-- [ RunTime:0.000807s ]
NOTIC: [8] A session had already been started - ignoring session_start() C:\wamp\www\bbs\ThinkPHP\Common\functions.php 第 566 行.
ERR: 无法加载模块:js

[ 2015-01-07T07:46:07+08:00 ] 0.0.0.0 /bbs/index.php/js/site.js
INFO: [ route_check ] --START--
INFO: CheckRoute Behavior ::run [ RunTime:0.000752s ]
INFO: [ route_check ] --END-- [ RunTime:0.000858s ]
INFO: [ app_begin ] --START--
INFO: ReadHtmlCache Behavior ::run [ RunTime:0.000529s ]
INFO: [ app_begin ] --END-- [ RunTime:0.000612s ]
NOTIC: [8] A session had already been started - ignoring session_start() C:\wamp\www\bbs\ThinkPHP\Common\functions.php 第 566 行.
ERR: 无法加载模块:js

[ 2015-01-07T07:46:12+08:00 ] 0.0.0.0 /bbs/index.php/Login/index
INFO: [ route_check ] --START--
INFO: CheckRoute Behavior ::run [ RunTime:0.001122s ]
INFO: [ route_check ] --END-- [ RunTime:0.001311s ]
INFO: [ app_begin ] --START--
INFO: ReadHtmlCache Behavior ::run [ RunTime:0.000852s ]
INFO: [ app_begin ] --END-- [ RunTime:0.000973s ]
NOTIC: [8] A session had already been started - ignoring session_start() C:\wamp\www\bbs\ThinkPHP\Common\functions.php 第 566 行.
INFO: [ view_parse ] --START--
INFO: ParseTemplate Behavior ::run [ RunTime:0.011122s ]
INFO: [ view_parse ] --END-- [ RunTime:0.011359s ]
INFO: [ view_filter ] --START--
INFO: ContentReplace Behavior ::run [ RunTime:0.000728s ]
INFO: TokenBuild Behavior ::run [ RunTime:0.000710s ]
INFO: WriteHtmlCache Behavior ::run [ RunTime:0.000492s ]
INFO: ShowRuntime Behavior ::run [ RunTime:0.000750s ]
INFO: [ view_filter ] --END-- [ RunTime:0.003007s ]
INFO: [ view_end ] --START--
INFO: ShowPageTrace Behavior ::run [ RunTime:0.001134s ]
INFO: [ view_end ] --END-- [ RunTime:0.001274s ]

[ 2015-01-07T07:46:15+08:00 ] 0.0.0.0 /bbs/index.php/Login/do_login
INFO: [ route_check ] --START--
INFO: CheckRoute Behavior ::run [ RunTime:0.000780s ]
INFO: [ route_check ] --END-- [ RunTime:0.000892s ]
INFO: [ app_begin ] --START--
INFO: ReadHtmlCache Behavior ::run [ RunTime:0.000443s ]
INFO: [ app_begin ] --END-- [ RunTime:0.000524s ]
NOTIC: [8] A session had already been started - ignoring session_start() C:\wamp\www\bbs\ThinkPHP\Common\functions.php 第 566 行.
SQL: SHOW COLUMNS FROM `project_login` [ RunTime:0.002341s ]
SQL: SELECT * FROM `project_login` WHERE ( username="wang" ) LIMIT 1   [ RunTime:0.000278s ]
SQL: SELECT * FROM `project_login` WHERE ( password="12345" ) LIMIT 1   [ RunTime:0.000233s ]
SQL: SELECT `IsAdmin` FROM `project_login` WHERE ( username="wang" ) LIMIT 1   [ RunTime:0.000200s ]
SQL: SELECT `IsSystem` FROM `project_login` WHERE ( username="wang" ) LIMIT 1   [ RunTime:0.000200s ]
SQL: SELECT `IsMember` FROM `project_login` WHERE ( username="wang" ) LIMIT 1   [ RunTime:0.000191s ]

[ 2015-01-07T07:46:15+08:00 ] 0.0.0.0 /bbs/index.php/Index/index.html
INFO: [ route_check ] --START--
INFO: CheckRoute Behavior ::run [ RunTime:0.000563s ]
INFO: [ route_check ] --END-- [ RunTime:0.000653s ]
INFO: [ app_begin ] --START--
INFO: ReadHtmlCache Behavior ::run [ RunTime:0.000428s ]
INFO: [ app_begin ] --END-- [ RunTime:0.000508s ]
NOTIC: [8] A session had already been started - ignoring session_start() C:\wamp\www\bbs\ThinkPHP\Common\functions.php 第 566 行.
NOTIC: [2048] Declaration of IndexAction::show() should be compatible with that of Action::show() C:\wamp\www\bbs\APP\Lib\Action\Home\IndexAction.class.php 第 78 行.
SQL: SHOW COLUMNS FROM `project_login` [ RunTime:0.001992s ]
SQL: SELECT * FROM `project_login`  [ RunTime:0.000222s ]
INFO: [ view_parse ] --START--
NOTIC: [8] Undefined index: sex C:\wamp\www\bbs\APP\Runtime\Cache\Home\36547c3cca62684d03e43575b05925a2.php 第 199 行.
NOTIC: [8] Undefined index: sex C:\wamp\www\bbs\APP\Runtime\Cache\Home\36547c3cca62684d03e43575b05925a2.php 第 199 行.
NOTIC: [8] Undefined index: sex C:\wamp\www\bbs\APP\Runtime\Cache\Home\36547c3cca62684d03e43575b05925a2.php 第 199 行.
NOTIC: [8] Undefined index: sex C:\wamp\www\bbs\APP\Runtime\Cache\Home\36547c3cca62684d03e43575b05925a2.php 第 199 行.
NOTIC: [8] Undefined index: sex C:\wamp\www\bbs\APP\Runtime\Cache\Home\36547c3cca62684d03e43575b05925a2.php 第 199 行.
NOTIC: [8] Undefined index: sex C:\wamp\www\bbs\APP\Runtime\Cache\Home\36547c3cca62684d03e43575b05925a2.php 第 199 行.
NOTIC: [8] Undefined index: sex C:\wamp\www\bbs\APP\Runtime\Cache\Home\36547c3cca62684d03e43575b05925a2.php 第 199 行.
INFO: ParseTemplate Behavior ::run [ RunTime:0.008569s ]
INFO: [ view_parse ] --END-- [ RunTime:0.008656s ]
INFO: [ view_filter ] --START--
INFO: ContentReplace Behavior ::run [ RunTime:0.000471s ]
INFO: TokenBuild Behavior ::run [ RunTime:0.000356s ]
INFO: WriteHtmlCache Behavior ::run [ RunTime:0.000253s ]
INFO: ShowRuntime Behavior ::run [ RunTime:0.000466s ]
INFO: [ view_filter ] --END-- [ RunTime:0.001756s ]
INFO: [ view_end ] --START--
INFO: ShowPageTrace Behavior ::run [ RunTime:0.000490s ]
INFO: [ view_end ] --END-- [ RunTime:0.000565s ]

[ 2015-01-07T07:46:15+08:00 ] 0.0.0.0 /bbs/index.php/Index/js/jquery.min.js
INFO: [ route_check ] --START--
INFO: CheckRoute Behavior ::run [ RunTime:0.001201s ]
INFO: [ route_check ] --END-- [ RunTime:0.001404s ]
INFO: [ app_begin ] --START--
INFO: ReadHtmlCache Behavior ::run [ RunTime:0.000583s ]
INFO: [ app_begin ] --END-- [ RunTime:0.000683s ]
NOTIC: [8] A session had already been started - ignoring session_start() C:\wamp\www\bbs\ThinkPHP\Common\functions.php 第 566 行.
NOTIC: [2048] Declaration of IndexAction::show() should be compatible with that of Action::show() C:\wamp\www\bbs\APP\Lib\Action\Home\IndexAction.class.php 第 78 行.
ERR: 非法操作:js

[ 2015-01-07T07:46:15+08:00 ] 0.0.0.0 /bbs/index.php/Index/js/bootstrap.min.js
INFO: [ route_check ] --START--
INFO: CheckRoute Behavior ::run [ RunTime:0.000861s ]
INFO: [ route_check ] --END-- [ RunTime:0.000989s ]
INFO: [ app_begin ] --START--
INFO: ReadHtmlCache Behavior ::run [ RunTime:0.000603s ]
INFO: [ app_begin ] --END-- [ RunTime:0.000729s ]
NOTIC: [8] A session had already been started - ignoring session_start() C:\wamp\www\bbs\ThinkPHP\Common\functions.php 第 566 行.
NOTIC: [2048] Declaration of IndexAction::show() should be compatible with that of Action::show() C:\wamp\www\bbs\APP\Lib\Action\Home\IndexAction.class.php 第 78 行.
ERR: 非法操作:js

[ 2015-01-07T07:46:15+08:00 ] 0.0.0.0 /bbs/index.php/Index/js/site.js
INFO: [ route_check ] --START--
INFO: CheckRoute Behavior ::run [ RunTime:0.000641s ]
INFO: [ route_check ] --END-- [ RunTime:0.000775s ]
INFO: [ app_begin ] --START--
INFO: ReadHtmlCache Behavior ::run [ RunTime:0.000531s ]
INFO: [ app_begin ] --END-- [ RunTime:0.000670s ]
NOTIC: [8] A session had already been started - ignoring session_start() C:\wamp\www\bbs\ThinkPHP\Common\functions.php 第 566 行.
NOTIC: [2048] Declaration of IndexAction::show() should be compatible with that of Action::show() C:\wamp\www\bbs\APP\Lib\Action\Home\IndexAction.class.php 第 78 行.
ERR: 非法操作:js

[ 2015-01-07T07:46:57+08:00 ] 0.0.0.0 /bbs/index.php/Login/index
INFO: [ route_check ] --START--
INFO: CheckRoute Behavior ::run [ RunTime:0.001129s ]
INFO: [ route_check ] --END-- [ RunTime:0.001318s ]
INFO: [ app_begin ] --START--
INFO: ReadHtmlCache Behavior ::run [ RunTime:0.000748s ]
INFO: [ app_begin ] --END-- [ RunTime:0.000865s ]
NOTIC: [8] A session had already been started - ignoring session_start() C:\wamp\www\bbs\ThinkPHP\Common\functions.php 第 566 行.
INFO: [ view_parse ] --START--
INFO: ParseTemplate Behavior ::run [ RunTime:0.009990s ]
INFO: [ view_parse ] --END-- [ RunTime:0.010168s ]
INFO: [ view_filter ] --START--
INFO: ContentReplace Behavior ::run [ RunTime:0.000608s ]
INFO: TokenBuild Behavior ::run [ RunTime:0.000588s ]
INFO: WriteHtmlCache Behavior ::run [ RunTime:0.000373s ]
INFO: ShowRuntime Behavior ::run [ RunTime:0.000643s ]
INFO: [ view_filter ] --END-- [ RunTime:0.002530s ]
INFO: [ view_end ] --START--
INFO: ShowPageTrace Behavior ::run [ RunTime:0.000993s ]
INFO: [ view_end ] --END-- [ RunTime:0.001130s ]

[ 2015-01-07T07:47:03+08:00 ] 0.0.0.0 /bbs/index.php/Login/do_login
INFO: [ route_check ] --START--
INFO: CheckRoute Behavior ::run [ RunTime:0.000910s ]
INFO: [ route_check ] --END-- [ RunTime:0.001073s ]
INFO: [ app_begin ] --START--
INFO: ReadHtmlCache Behavior ::run [ RunTime:0.000645s ]
INFO: [ app_begin ] --END-- [ RunTime:0.000763s ]
NOTIC: [8] A session had already been started - ignoring session_start() C:\wamp\www\bbs\ThinkPHP\Common\functions.php 第 566 行.
SQL: SHOW COLUMNS FROM `project_login` [ RunTime:0.002108s ]
SQL: SELECT * FROM `project_login` WHERE ( username="tang" ) LIMIT 1   [ RunTime:0.000275s ]
SQL: SELECT * FROM `project_login` WHERE ( password="12345" ) LIMIT 1   [ RunTime:0.000199s ]
SQL: SELECT `IsAdmin` FROM `project_login` WHERE ( username="tang" ) LIMIT 1   [ RunTime:0.000185s ]
SQL: SELECT `IsSystem` FROM `project_login` WHERE ( username="tang" ) LIMIT 1   [ RunTime:0.000177s ]
SQL: SELECT `IsMember` FROM `project_login` WHERE ( username="tang" ) LIMIT 1   [ RunTime:0.000178s ]

[ 2015-01-07T07:47:03+08:00 ] 0.0.0.0 /bbs/index.php/Student/Index/index.html
INFO: [ route_check ] --START--
INFO: CheckRoute Behavior ::run [ RunTime:0.000888s ]
INFO: [ route_check ] --END-- [ RunTime:0.001046s ]
INFO: [ app_begin ] --START--
INFO: ReadHtmlCache Behavior ::run [ RunTime:0.000553s ]
INFO: [ app_begin ] --END-- [ RunTime:0.000665s ]
NOTIC: [8] A session had already been started - ignoring session_start() C:\wamp\www\bbs\ThinkPHP\Common\functions.php 第 566 行.
INFO: [ view_parse ] --START--
NOTIC: [8] Undefined variable: login C:\wamp\www\bbs\APP\Runtime\Cache\Student\c42e76e2c786ab6eb162cc65ebce7f24.php 第 288 行.
INFO: ParseTemplate Behavior ::run [ RunTime:0.009800s ]
INFO: [ view_parse ] --END-- [ RunTime:0.009894s ]
INFO: [ view_filter ] --START--
INFO: ContentReplace Behavior ::run [ RunTime:0.000468s ]
INFO: TokenBuild Behavior ::run [ RunTime:0.000421s ]
INFO: WriteHtmlCache Behavior ::run [ RunTime:0.000312s ]
INFO: ShowRuntime Behavior ::run [ RunTime:0.000482s ]
INFO: [ view_filter ] --END-- [ RunTime:0.001914s ]
INFO: [ view_end ] --START--
INFO: ShowPageTrace Behavior ::run [ RunTime:0.000575s ]
INFO: [ view_end ] --END-- [ RunTime:0.000658s ]

[ 2015-01-07T07:47:06+08:00 ] 0.0.0.0 /bbs/index.php/Student/Personal/index.html
INFO: [ route_check ] --START--
INFO: CheckRoute Behavior ::run [ RunTime:0.000563s ]
INFO: [ route_check ] --END-- [ RunTime:0.000661s ]
INFO: [ app_begin ] --START--
INFO: ReadHtmlCache Behavior ::run [ RunTime:0.000432s ]
INFO: [ app_begin ] --END-- [ RunTime:0.000510s ]
NOTIC: [8] A session had already been started - ignoring session_start() C:\wamp\www\bbs\ThinkPHP\Common\functions.php 第 566 行.
SQL: SHOW COLUMNS FROM `project_student` [ RunTime:0.002437s ]
SQL: select *from project_student where username='tang' [ RunTime:0.000242s ]
SQL: select *from project_student where username='tang' [ RunTime:0.000284s ]
INFO: [ view_parse ] --START--
NOTIC: [8] Undefined variable: login C:\wamp\www\bbs\APP\Runtime\Cache\Student\7db3b9d71b470c36de90fddf4ba840e8.php 第 252 行.
INFO: ParseTemplate Behavior ::run [ RunTime:0.011176s ]
INFO: [ view_parse ] --END-- [ RunTime:0.011312s ]
INFO: [ view_filter ] --START--
INFO: ContentReplace Behavior ::run [ RunTime:0.000520s ]
INFO: TokenBuild Behavior ::run [ RunTime:0.000394s ]
INFO: WriteHtmlCache Behavior ::run [ RunTime:0.000248s ]
INFO: ShowRuntime Behavior ::run [ RunTime:0.000407s ]
INFO: [ view_filter ] --END-- [ RunTime:0.001812s ]
INFO: [ view_end ] --START--
INFO: ShowPageTrace Behavior ::run [ RunTime:0.000465s ]
INFO: [ view_end ] --END-- [ RunTime:0.000539s ]

[ 2015-01-07T07:47:08+08:00 ] 0.0.0.0 /bbs/index.php/Student/Settings/index.html
INFO: [ route_check ] --START--
INFO: CheckRoute Behavior ::run [ RunTime:0.000843s ]
INFO: [ route_check ] --END-- [ RunTime:0.000990s ]
INFO: [ app_begin ] --START--
INFO: ReadHtmlCache Behavior ::run [ RunTime:0.000642s ]
INFO: [ app_begin ] --END-- [ RunTime:0.000767s ]
NOTIC: [8] A session had already been started - ignoring session_start() C:\wamp\www\bbs\ThinkPHP\Common\functions.php 第 566 行.
ERR: 无法加载模块:Settings

[ 2015-01-07T07:47:11+08:00 ] 0.0.0.0 /bbs/index.php/Gallery/index.html
INFO: [ route_check ] --START--
INFO: CheckRoute Behavior ::run [ RunTime:0.001064s ]
INFO: [ route_check ] --END-- [ RunTime:0.001240s ]
INFO: [ app_begin ] --START--
INFO: ReadHtmlCache Behavior ::run [ RunTime:0.000590s ]
INFO: [ app_begin ] --END-- [ RunTime:0.000711s ]
NOTIC: [8] A session had already been started - ignoring session_start() C:\wamp\www\bbs\ThinkPHP\Common\functions.php 第 566 行.
SQL: SHOW COLUMNS FROM `project_picture` [ RunTime:0.003071s ]
SQL: select *from project_picture order by id  [ RunTime:0.000214s ]
SQL: select *from project_picture order by id  [ RunTime:0.000166s ]
INFO: [ view_parse ] --START--
INFO: ParseTemplate Behavior ::run [ RunTime:0.008655s ]
INFO: [ view_parse ] --END-- [ RunTime:0.008752s ]
INFO: [ view_filter ] --START--
INFO: ContentReplace Behavior ::run [ RunTime:0.000370s ]
INFO: TokenBuild Behavior ::run [ RunTime:0.000348s ]
INFO: WriteHtmlCache Behavior ::run [ RunTime:0.000255s ]
INFO: ShowRuntime Behavior ::run [ RunTime:0.000406s ]
INFO: [ view_filter ] --END-- [ RunTime:0.001588s ]
INFO: [ view_end ] --START--
INFO: ShowPageTrace Behavior ::run [ RunTime:0.000453s ]
INFO: [ view_end ] --END-- [ RunTime:0.000527s ]

[ 2015-01-07T07:47:11+08:00 ] 0.0.0.0 /bbs/index.php/Gallery/js/jquery.min.js
INFO: [ route_check ] --START--
INFO: CheckRoute Behavior ::run [ RunTime:0.000802s ]
INFO: [ route_check ] --END-- [ RunTime:0.000940s ]
INFO: [ app_begin ] --START--
INFO: ReadHtmlCache Behavior ::run [ RunTime:0.000759s ]
INFO: [ app_begin ] --END-- [ RunTime:0.000892s ]
NOTIC: [8] A session had already been started - ignoring session_start() C:\wamp\www\bbs\ThinkPHP\Common\functions.php 第 566 行.
ERR: 非法操作:js

[ 2015-01-07T07:47:12+08:00 ] 0.0.0.0 /bbs/index.php/Gallery/js/bootstrap.min.js
INFO: [ route_check ] --START--
INFO: CheckRoute Behavior ::run [ RunTime:0.000723s ]
INFO: [ route_check ] --END-- [ RunTime:0.000930s ]
INFO: [ app_begin ] --START--
INFO: ReadHtmlCache Behavior ::run [ RunTime:0.000493s ]
INFO: [ app_begin ] --END-- [ RunTime:0.000573s ]
NOTIC: [8] A session had already been started - ignoring session_start() C:\wamp\www\bbs\ThinkPHP\Common\functions.php 第 566 行.
ERR: 非法操作:js

[ 2015-01-07T07:47:12+08:00 ] 0.0.0.0 /bbs/index.php/Gallery/js/site.js
INFO: [ route_check ] --START--
INFO: CheckRoute Behavior ::run [ RunTime:0.002652s ]
INFO: [ route_check ] --END-- [ RunTime:0.002992s ]
INFO: [ app_begin ] --START--
INFO: ReadHtmlCache Behavior ::run [ RunTime:0.000742s ]
INFO: [ app_begin ] --END-- [ RunTime:0.000909s ]
NOTIC: [8] A session had already been started - ignoring session_start() C:\wamp\www\bbs\ThinkPHP\Common\functions.php 第 566 行.
ERR: 非法操作:js

[ 2015-01-07T16:36:34+08:00 ] 0.0.0.0 /bbs/
INFO: [ app_begin ] --START--
INFO: ReadHtmlCache Behavior ::run [ RunTime:0.001624s ]
INFO: [ app_begin ] --END-- [ RunTime:0.002095s ]
NOTIC: [8] A session had already been started - ignoring session_start() C:\wamp\www\bbs\ThinkPHP\Common\functions.php 第 566 行.
NOTIC: [2048] Declaration of IndexAction::show() should be compatible with that of Action::show() C:\wamp\www\bbs\APP\Lib\Action\Home\IndexAction.class.php 第 78 行.
SQL: SHOW COLUMNS FROM `project_login` [ RunTime:0.025227s ]
SQL: SELECT * FROM `project_login`  [ RunTime:0.004001s ]
INFO: [ view_parse ] --START--
NOTIC: [8] Undefined index: sex C:\wamp\www\bbs\APP\Runtime\Cache\Home\36547c3cca62684d03e43575b05925a2.php 第 199 行.
NOTIC: [8] Undefined index: sex C:\wamp\www\bbs\APP\Runtime\Cache\Home\36547c3cca62684d03e43575b05925a2.php 第 199 行.
NOTIC: [8] Undefined index: sex C:\wamp\www\bbs\APP\Runtime\Cache\Home\36547c3cca62684d03e43575b05925a2.php 第 199 行.
NOTIC: [8] Undefined index: sex C:\wamp\www\bbs\APP\Runtime\Cache\Home\36547c3cca62684d03e43575b05925a2.php 第 199 行.
NOTIC: [8] Undefined index: sex C:\wamp\www\bbs\APP\Runtime\Cache\Home\36547c3cca62684d03e43575b05925a2.php 第 199 行.
NOTIC: [8] Undefined index: sex C:\wamp\www\bbs\APP\Runtime\Cache\Home\36547c3cca62684d03e43575b05925a2.php 第 199 行.
NOTIC: [8] Undefined index: sex C:\wamp\www\bbs\APP\Runtime\Cache\Home\36547c3cca62684d03e43575b05925a2.php 第 199 行.
INFO: ParseTemplate Behavior ::run [ RunTime:0.050553s ]
INFO: [ view_parse ] --END-- [ RunTime:0.050956s ]
INFO: [ view_filter ] --START--
INFO: ContentReplace Behavior ::run [ RunTime:0.002180s ]
INFO: TokenBuild Behavior ::run [ RunTime:0.002641s ]
INFO: WriteHtmlCache Behavior ::run [ RunTime:0.001709s ]
INFO: ShowRuntime Behavior ::run [ RunTime:0.002700s ]
INFO: [ view_filter ] --END-- [ RunTime:0.010155s ]
INFO: [ view_end ] --START--
INFO: ShowPageTrace Behavior ::run [ RunTime:0.002745s ]
INFO: [ view_end ] --END-- [ RunTime:0.003056s ]

[ 2015-01-07T16:36:59+08:00 ] 0.0.0.0 /bbs/index.php/Members/index.html
INFO: [ route_check ] --START--
INFO: CheckRoute Behavior ::run [ RunTime:0.001037s ]
INFO: [ route_check ] --END-- [ RunTime:0.001196s ]
INFO: [ app_begin ] --START--
INFO: ReadHtmlCache Behavior ::run [ RunTime:0.000504s ]
INFO: [ app_begin ] --END-- [ RunTime:0.000586s ]
NOTIC: [8] A session had already been started - ignoring session_start() C:\wamp\www\bbs\ThinkPHP\Common\functions.php 第 566 行.
SQL: SHOW COLUMNS FROM `project_login` [ RunTime:0.002201s ]
NOTIC: [8] Undefined index: username C:\wamp\www\bbs\APP\Lib\Action\Home\MembersAction.class.php 第 8 行.
SQL: SELECT `mid` FROM `project_login` WHERE ( username="" ) LIMIT 1   [ RunTime:0.000221s ]
SQL: SHOW COLUMNS FROM `project_members` [ RunTime:0.003123s ]
SQL: select *from project_members where mid='' [ RunTime:0.001121s ]
SQL: select *from project_members where mid='' [ RunTime:0.000248s ]
INFO: [ view_parse ] --START--
INFO: ParseTemplate Behavior ::run [ RunTime:0.009879s ]
INFO: [ view_parse ] --END-- [ RunTime:0.009983s ]
INFO: [ view_filter ] --START--
INFO: ContentReplace Behavior ::run [ RunTime:0.000415s ]
INFO: TokenBuild Behavior ::run [ RunTime:0.000367s ]
INFO: WriteHtmlCache Behavior ::run [ RunTime:0.000273s ]
INFO: ShowRuntime Behavior ::run [ RunTime:0.000443s ]
INFO: [ view_filter ] --END-- [ RunTime:0.001714s ]
INFO: [ view_end ] --START--
INFO: ShowPageTrace Behavior ::run [ RunTime:0.000484s ]
INFO: [ view_end ] --END-- [ RunTime:0.000559s ]

[ 2015-01-07T16:37:00+08:00 ] 0.0.0.0 /bbs/index.php/Tasks/index.html
INFO: [ route_check ] --START--
INFO: CheckRoute Behavior ::run [ RunTime:0.001216s ]
INFO: [ route_check ] --END-- [ RunTime:0.001439s ]
INFO: [ app_begin ] --START--
INFO: ReadHtmlCache Behavior ::run [ RunTime:0.000814s ]
INFO: [ app_begin ] --END-- [ RunTime:0.000934s ]
NOTIC: [8] A session had already been started - ignoring session_start() C:\wamp\www\bbs\ThinkPHP\Common\functions.php 第 566 行.
INFO: [ view_parse ] --START--
INFO: ParseTemplate Behavior ::run [ RunTime:0.011937s ]
INFO: [ view_parse ] --END-- [ RunTime:0.012128s ]
INFO: [ view_filter ] --START--
INFO: ContentReplace Behavior ::run [ RunTime:0.000605s ]
INFO: TokenBuild Behavior ::run [ RunTime:0.000544s ]
INFO: WriteHtmlCache Behavior ::run [ RunTime:0.000378s ]
INFO: ShowRuntime Behavior ::run [ RunTime:0.000644s ]
INFO: [ view_filter ] --END-- [ RunTime:0.002493s ]
INFO: [ view_end ] --START--
INFO: ShowPageTrace Behavior ::run [ RunTime:0.000764s ]
INFO: [ view_end ] --END-- [ RunTime:0.000876s ]

[ 2015-01-07T16:37:00+08:00 ] 0.0.0.0 /bbs/index.php/Tasks/js/jquery.min.js
INFO: [ route_check ] --START--
INFO: CheckRoute Behavior ::run [ RunTime:0.000792s ]
INFO: [ route_check ] --END-- [ RunTime:0.000912s ]
INFO: [ app_begin ] --START--
INFO: ReadHtmlCache Behavior ::run [ RunTime:0.000440s ]
INFO: [ app_begin ] --END-- [ RunTime:0.000523s ]
NOTIC: [8] A session had already been started - ignoring session_start() C:\wamp\www\bbs\ThinkPHP\Common\functions.php 第 566 行.
ERR: 非法操作:js

[ 2015-01-07T16:37:00+08:00 ] 0.0.0.0 /bbs/index.php/Tasks/js/site.js
INFO: [ route_check ] --START--
INFO: CheckRoute Behavior ::run [ RunTime:0.000933s ]
INFO: [ route_check ] --END-- [ RunTime:0.001180s ]
INFO: [ app_begin ] --START--
INFO: ReadHtmlCache Behavior ::run [ RunTime:0.000515s ]
INFO: [ app_begin ] --END-- [ RunTime:0.000612s ]
NOTIC: [8] A session had already been started - ignoring session_start() C:\wamp\www\bbs\ThinkPHP\Common\functions.php 第 566 行.
ERR: 非法操作:js

[ 2015-01-07T16:37:00+08:00 ] 0.0.0.0 /bbs/index.php/Tasks/js/bootstrap.min.js
INFO: [ route_check ] --START--
INFO: CheckRoute Behavior ::run [ RunTime:0.001750s ]
INFO: [ route_check ] --END-- [ RunTime:0.002093s ]
INFO: [ app_begin ] --START--
INFO: ReadHtmlCache Behavior ::run [ RunTime:0.000515s ]
INFO: [ app_begin ] --END-- [ RunTime:0.000598s ]
NOTIC: [8] A session had already been started - ignoring session_start() C:\wamp\www\bbs\ThinkPHP\Common\functions.php 第 566 行.
ERR: 非法操作:js

[ 2015-01-07T16:37:01+08:00 ] 0.0.0.0 /bbs/index.php/Check/index.html
INFO: [ route_check ] --START--
INFO: CheckRoute Behavior ::run [ RunTime:0.000859s ]
INFO: [ route_check ] --END-- [ RunTime:0.000996s ]
INFO: [ app_begin ] --START--
INFO: ReadHtmlCache Behavior ::run [ RunTime:0.000701s ]
INFO: [ app_begin ] --END-- [ RunTime:0.000851s ]
NOTIC: [8] A session had already been started - ignoring session_start() C:\wamp\www\bbs\ThinkPHP\Common\functions.php 第 566 行.
SQL: SHOW COLUMNS FROM `project_login` [ RunTime:0.003383s ]
NOTIC: [8] Undefined index: username C:\wamp\www\bbs\APP\Lib\Action\Home\CheckAction.class.php 第 8 行.
SQL: SELECT `mid` FROM `project_login` WHERE ( username="" ) LIMIT 1   [ RunTime:0.000404s ]
SQL: SHOW COLUMNS FROM `project_temp` [ RunTime:0.003050s ]
SQL: select *from project_temp where mid='' [ RunTime:0.000522s ]
SQL: select *from project_temp where mid='' [ RunTime:0.000257s ]
INFO: [ view_parse ] --START--
INFO: ParseTemplate Behavior ::run [ RunTime:0.010381s ]
INFO: [ view_parse ] --END-- [ RunTime:0.010512s ]
INFO: [ view_filter ] --START--
INFO: ContentReplace Behavior ::run [ RunTime:0.000489s ]
INFO: TokenBuild Behavior ::run [ RunTime:0.000493s ]
INFO: WriteHtmlCache Behavior ::run [ RunTime:0.000357s ]
INFO: ShowRuntime Behavior ::run [ RunTime:0.000515s ]
INFO: [ view_filter ] --END-- [ RunTime:0.002093s ]
INFO: [ view_end ] --START--
INFO: ShowPageTrace Behavior ::run [ RunTime:0.000575s ]
INFO: [ view_end ] --END-- [ RunTime:0.000651s ]

[ 2015-01-07T16:37:04+08:00 ] 0.0.0.0 /bbs/index.php/Messages/index.html
INFO: [ route_check ] --START--
INFO: CheckRoute Behavior ::run [ RunTime:0.000916s ]
INFO: [ route_check ] --END-- [ RunTime:0.001053s ]
INFO: [ app_begin ] --START--
INFO: ReadHtmlCache Behavior ::run [ RunTime:0.000641s ]
INFO: [ app_begin ] --END-- [ RunTime:0.000770s ]
NOTIC: [8] A session had already been started - ignoring session_start() C:\wamp\www\bbs\ThinkPHP\Common\functions.php 第 566 行.
SQL: SHOW COLUMNS FROM `project_login` [ RunTime:0.002630s ]
NOTIC: [8] Undefined index: username C:\wamp\www\bbs\APP\Lib\Action\Home\MessagesAction.class.php 第 8 行.
SQL: SELECT `mid` FROM `project_login` WHERE ( username="" ) LIMIT 1   [ RunTime:0.000200s ]
SQL: SHOW COLUMNS FROM `project_messages` [ RunTime:0.005712s ]
SQL: select *from project_messages where mid='' [ RunTime:0.000868s ]
INFO: [ view_parse ] --START--
NOTIC: [8] Undefined variable: page C:\wamp\www\bbs\APP\Runtime\Cache\Home\d4a5125ada88e9e90d4e5c68512a85dc.php 第 194 行.
NOTIC: [8] Undefined variable: page C:\wamp\www\bbs\APP\Runtime\Cache\Home\d4a5125ada88e9e90d4e5c68512a85dc.php 第 202 行.
INFO: ParseTemplate Behavior ::run [ RunTime:0.008638s ]
INFO: [ view_parse ] --END-- [ RunTime:0.008755s ]
INFO: [ view_filter ] --START--
INFO: ContentReplace Behavior ::run [ RunTime:0.000415s ]
INFO: TokenBuild Behavior ::run [ RunTime:0.000340s ]
INFO: WriteHtmlCache Behavior ::run [ RunTime:0.000242s ]
INFO: ShowRuntime Behavior ::run [ RunTime:0.000427s ]
INFO: [ view_filter ] --END-- [ RunTime:0.001626s ]
INFO: [ view_end ] --START--
INFO: ShowPageTrace Behavior ::run [ RunTime:0.000459s ]
INFO: [ view_end ] --END-- [ RunTime:0.000531s ]

[ 2015-01-07T16:37:06+08:00 ] 0.0.0.0 /bbs/index.php/Files/index.html
INFO: [ route_check ] --START--
INFO: CheckRoute Behavior ::run [ RunTime:0.000646s ]
INFO: [ route_check ] --END-- [ RunTime:0.000752s ]
INFO: [ app_begin ] --START--
INFO: ReadHtmlCache Behavior ::run [ RunTime:0.000699s ]
INFO: [ app_begin ] --END-- [ RunTime:0.000818s ]
NOTIC: [8] A session had already been started - ignoring session_start() C:\wamp\www\bbs\ThinkPHP\Common\functions.php 第 566 行.
SQL: SHOW COLUMNS FROM `project_login` [ RunTime:0.002350s ]
NOTIC: [8] Undefined index: username C:\wamp\www\bbs\APP\Lib\Action\Home\FilesAction.class.php 第 8 行.
SQL: SELECT `mid` FROM `project_login` WHERE ( username="" ) LIMIT 1   [ RunTime:0.000215s ]
SQL: SHOW COLUMNS FROM `project_download` [ RunTime:0.002518s ]
SQL: select *from project_download where mid='' [ RunTime:0.000726s ]
INFO: [ view_parse ] --START--
INFO: ParseTemplate Behavior ::run [ RunTime:0.008538s ]
INFO: [ view_parse ] --END-- [ RunTime:0.008663s ]
INFO: [ view_filter ] --START--
INFO: ContentReplace Behavior ::run [ RunTime:0.000411s ]
INFO: TokenBuild Behavior ::run [ RunTime:0.000373s ]
INFO: WriteHtmlCache Behavior ::run [ RunTime:0.000247s ]
INFO: ShowRuntime Behavior ::run [ RunTime:0.000407s ]
INFO: [ view_filter ] --END-- [ RunTime:0.001652s ]
INFO: [ view_end ] --START--
INFO: ShowPageTrace Behavior ::run [ RunTime:0.000458s ]
INFO: [ view_end ] --END-- [ RunTime:0.000531s ]

[ 2015-01-07T16:37:07+08:00 ] 0.0.0.0 /bbs/index.php/Profile/index.html
INFO: [ route_check ] --START--
INFO: CheckRoute Behavior ::run [ RunTime:0.001155s ]
INFO: [ route_check ] --END-- [ RunTime:0.001388s ]
INFO: [ app_begin ] --START--
INFO: ReadHtmlCache Behavior ::run [ RunTime:0.000923s ]
INFO: [ app_begin ] --END-- [ RunTime:0.001049s ]
NOTIC: [8] A session had already been started - ignoring session_start() C:\wamp\www\bbs\ThinkPHP\Common\functions.php 第 566 行.
NOTIC: [8] Undefined index: username C:\wamp\www\bbs\APP\Lib\Action\Home\ProfileAction.class.php 第 8 行.
SQL: SHOW COLUMNS FROM `project_members` [ RunTime:0.002910s ]
SQL: select *from project_members where username='' [ RunTime:0.000428s ]
SQL: select *from project_members where username='' [ RunTime:0.000392s ]
INFO: [ view_parse ] --START--
INFO: ParseTemplate Behavior ::run [ RunTime:0.008588s ]
INFO: [ view_parse ] --END-- [ RunTime:0.008693s ]
INFO: [ view_filter ] --START--
INFO: ContentReplace Behavior ::run [ RunTime:0.000448s ]
INFO: TokenBuild Behavior ::run [ RunTime:0.000348s ]
INFO: WriteHtmlCache Behavior ::run [ RunTime:0.000242s ]
INFO: ShowRuntime Behavior ::run [ RunTime:0.000759s ]
INFO: [ view_filter ] --END-- [ RunTime:0.002072s ]
INFO: [ view_end ] --START--
INFO: ShowPageTrace Behavior ::run [ RunTime:0.000570s ]
INFO: [ view_end ] --END-- [ RunTime:0.000679s ]

[ 2015-01-07T16:37:07+08:00 ] 0.0.0.0 /bbs/index.php/Profile/js/jquery.min.js
INFO: [ route_check ] --START--
INFO: CheckRoute Behavior ::run [ RunTime:0.001118s ]
INFO: [ route_check ] --END-- [ RunTime:0.001263s ]
INFO: [ app_begin ] --START--
INFO: ReadHtmlCache Behavior ::run [ RunTime:0.000666s ]
INFO: [ app_begin ] --END-- [ RunTime:0.000780s ]
NOTIC: [8] A session had already been started - ignoring session_start() C:\wamp\www\bbs\ThinkPHP\Common\functions.php 第 566 行.
ERR: 非法操作:js

[ 2015-01-07T16:37:07+08:00 ] 0.0.0.0 /bbs/index.php/Profile/js/site.js
INFO: [ route_check ] --START--
INFO: CheckRoute Behavior ::run [ RunTime:0.001368s ]
INFO: [ route_check ] --END-- [ RunTime:0.001673s ]
INFO: [ app_begin ] --START--
INFO: ReadHtmlCache Behavior ::run [ RunTime:0.000851s ]
INFO: [ app_begin ] --END-- [ RunTime:0.001006s ]
NOTIC: [8] A session had already been started - ignoring session_start() C:\wamp\www\bbs\ThinkPHP\Common\functions.php 第 566 行.
ERR: 非法操作:js

[ 2015-01-07T16:37:07+08:00 ] 0.0.0.0 /bbs/index.php/Profile/js/bootstrap.min.js
INFO: [ route_check ] --START--
INFO: CheckRoute Behavior ::run [ RunTime:0.001288s ]
INFO: [ route_check ] --END-- [ RunTime:0.001591s ]
INFO: [ app_begin ] --START--
INFO: ReadHtmlCache Behavior ::run [ RunTime:0.000540s ]
INFO: [ app_begin ] --END-- [ RunTime:0.000643s ]
NOTIC: [8] A session had already been started - ignoring session_start() C:\wamp\www\bbs\ThinkPHP\Common\functions.php 第 566 行.
ERR: 非法操作:js

